============================================================
DOCUMENTS SERVICE (Fetch + Rerank)
============================================================
Node: 0
Port: 8003
DB: ../documents//documents.db
Reranker: BAAI/bge-reranker-base
============================================================
 * Serving Flask app '03_documents_service'
 * Debug mode: off
============================================================
DOCUMENTS SERVICE (Fetch + Rerank)
============================================================
Node: 0
Port: 8003
DB: ../documents//documents.db
Reranker: BAAI/bge-reranker-base
============================================================
 * Serving Flask app '03_documents_service'
 * Debug mode: off
============================================================
DOCUMENTS SERVICE (Fetch + Rerank)
============================================================
Node: 0
Port: 9003
DB: ../documents//documents.db
Reranker: BAAI/bge-reranker-base
============================================================
 * Serving Flask app '03_documents_service'
 * Debug mode: off

[TIMING] _fetch_documents_batch - START
Filename: /home/yy2394/cs5416-final-project/exp3/03_documents_service.py

Line #    Mem usage    Increment  Occurrences   Line Contents
=============================================================
    32    919.0 MiB    919.0 MiB           1   @profile_with_timing
    33                                         @profile
    34                                         def _fetch_documents_batch(doc_id_batches: list[list[int]]) -> list[list[dict]]:
    35                                             """Step 4: Fetch documents for each query in the batch using SQLite"""
    36    919.0 MiB      0.0 MiB           1       conn = sqlite3.connect(db_path)
    37    919.0 MiB      0.0 MiB           1       cursor = conn.cursor()
    38    919.0 MiB      0.0 MiB           1       documents_batch = []
    39    919.7 MiB      0.0 MiB           5       for doc_ids in doc_id_batches:
    40    919.7 MiB      0.0 MiB           4           documents = []
    41    919.7 MiB      0.0 MiB          44           for doc_id in doc_ids:
    42    919.7 MiB      0.7 MiB          80               cursor.execute(
    43    919.7 MiB      0.0 MiB          40                   "SELECT doc_id, title, content, category FROM documents WHERE doc_id = ?",
    44    919.7 MiB      0.0 MiB          40                   (doc_id,),
    45                                                     )
    46    919.7 MiB      0.0 MiB          40               result = cursor.fetchone()
    47    919.7 MiB      0.0 MiB          40               if result:
    48    919.7 MiB      0.0 MiB          80                   documents.append(
    49    919.7 MiB      0.0 MiB          40                       {
    50    919.7 MiB      0.0 MiB          40                           "doc_id": result[0],
    51    919.7 MiB      0.0 MiB          40                           "title": result[1],
    52    919.7 MiB      0.0 MiB          40                           "content": result[2],
    53    919.7 MiB      0.0 MiB          40                           "category": result[3],
    54                                                             }
    55                                                         )
    56    919.7 MiB      0.0 MiB           4           documents_batch.append(documents)
    57    919.7 MiB      0.0 MiB           1       conn.close()
    58    919.7 MiB      0.0 MiB           1       return documents_batch


[TIMING] _fetch_documents_batch - END (took 0.20s)

[TIMING] _rerank_documents_batch - START

[TIMING] _fetch_documents_batch - START
Filename: /home/yy2394/cs5416-final-project/exp3/03_documents_service.py

Line #    Mem usage    Increment  Occurrences   Line Contents
=============================================================
    32    934.4 MiB    934.4 MiB           1   @profile_with_timing
    33                                         @profile
    34                                         def _fetch_documents_batch(doc_id_batches: list[list[int]]) -> list[list[dict]]:
    35                                             """Step 4: Fetch documents for each query in the batch using SQLite"""
    36    934.4 MiB      0.0 MiB           1       conn = sqlite3.connect(db_path)
    37    934.4 MiB      0.0 MiB           1       cursor = conn.cursor()
    38    934.4 MiB      0.0 MiB           1       documents_batch = []
    39    946.5 MiB      0.0 MiB           5       for doc_ids in doc_id_batches:
    40    943.8 MiB      0.0 MiB           4           documents = []
    41    946.5 MiB      0.0 MiB          44           for doc_id in doc_ids:
    42    946.5 MiB     10.2 MiB          80               cursor.execute(
    43    946.5 MiB      0.0 MiB          40                   "SELECT doc_id, title, content, category FROM documents WHERE doc_id = ?",
    44    946.5 MiB      0.0 MiB          40                   (doc_id,),
    45                                                     )
    46    946.5 MiB      0.4 MiB          40               result = cursor.fetchone()
    47    946.5 MiB      0.4 MiB          40               if result:
    48    946.5 MiB      0.0 MiB          80                   documents.append(
    49    946.5 MiB      0.0 MiB          40                       {
    50    946.5 MiB      0.0 MiB          40                           "doc_id": result[0],
    51    946.5 MiB      0.0 MiB          40                           "title": result[1],
    52    946.5 MiB      0.0 MiB          40                           "content": result[2],
    53    946.5 MiB      1.0 MiB          40                           "category": result[3],
    54                                                             }
    55                                                         )
    56    946.5 MiB      0.0 MiB           4           documents_batch.append(documents)
    57    946.5 MiB      0.0 MiB           1       conn.close()
    58    946.5 MiB      0.0 MiB           1       return documents_batch


[TIMING] _fetch_documents_batch - END (took 0.17s)

[TIMING] _rerank_documents_batch - START
Filename: /home/yy2394/cs5416-final-project/exp3/03_documents_service.py

Line #    Mem usage    Increment  Occurrences   Line Contents
=============================================================
    61    946.5 MiB    946.5 MiB           1   @profile_with_timing
    62                                         @profile
    63                                         def _rerank_documents_batch(
    64                                             queries: list[str], documents_batch: list[list[dict]]
    65                                         ) -> list[list[dict]]:
    66                                             """Step 5: Rerank retrieved documents for each query in the batch"""
    67    946.5 MiB      0.0 MiB           1       reranked_batches = []
    68   1329.4 MiB      0.0 MiB           5       for query, documents in zip(queries, documents_batch):
    69   1323.6 MiB      0.0 MiB           4           if not documents:
    70                                                     reranked_batches.append([])
    71                                                     continue
    72   1323.6 MiB      0.0 MiB          52           pairs = [[query, doc["content"]] for doc in documents]
    73   1329.4 MiB      0.0 MiB           8           with torch.no_grad():
    74   1323.9 MiB      0.6 MiB          12               inputs = tokenizer(
    75   1323.6 MiB      0.0 MiB           4                   pairs,
    76   1323.6 MiB      0.0 MiB           4                   padding=True,
    77   1323.6 MiB      0.0 MiB           4                   truncation=True,
    78   1323.6 MiB      0.0 MiB           4                   return_tensors="pt",
    79   1323.6 MiB      0.0 MiB           4                   max_length=CONFIG["truncate_length"],
    80   1323.9 MiB      0.0 MiB           4               ).to(DEVICE)
    81   1329.4 MiB      0.0 MiB           4               scores = (
    82   1329.4 MiB    382.0 MiB           4                   model(**inputs, return_dict=True)
    83   1329.4 MiB      0.0 MiB           8                   .logits.view(
    84   1329.4 MiB      0.0 MiB           4                       -1,
    85                                                         )
    86   1329.4 MiB      0.0 MiB           4                   .float()
    87                                                     )
    88   1329.4 MiB      0.0 MiB           4           doc_scores = list(zip(documents, scores))
    89   1329.4 MiB      0.0 MiB          84           doc_scores.sort(key=lambda x: x[1], reverse=True)
    90   1329.4 MiB      0.3 MiB          52           reranked_batches.append([doc for doc, _ in doc_scores])
    91   1329.4 MiB      0.0 MiB           1       return reranked_batches


[TIMING] _rerank_documents_batch - END (took 9.30s)
Filename: /home/yy2394/cs5416-final-project/exp3/03_documents_service.py

Line #    Mem usage    Increment  Occurrences   Line Contents
=============================================================
    61    919.7 MiB    919.7 MiB           1   @profile_with_timing
    62                                         @profile
    63                                         def _rerank_documents_batch(
    64                                             queries: list[str], documents_batch: list[list[dict]]
    65                                         ) -> list[list[dict]]:
    66                                             """Step 5: Rerank retrieved documents for each query in the batch"""
    67    919.7 MiB      0.0 MiB           1       reranked_batches = []
    68   1331.7 MiB      0.0 MiB           5       for query, documents in zip(queries, documents_batch):
    69   1322.9 MiB      0.0 MiB           4           if not documents:
    70                                                     reranked_batches.append([])
    71                                                     continue
    72   1322.9 MiB      0.0 MiB          52           pairs = [[query, doc["content"]] for doc in documents]
    73   1331.7 MiB      0.0 MiB           8           with torch.no_grad():
    74   1322.9 MiB      0.3 MiB          12               inputs = tokenizer(
    75   1322.9 MiB      0.0 MiB           4                   pairs,
    76   1322.9 MiB      0.0 MiB           4                   padding=True,
    77   1322.9 MiB      0.0 MiB           4                   truncation=True,
    78   1322.9 MiB      0.0 MiB           4                   return_tensors="pt",
    79   1322.9 MiB      0.0 MiB           4                   max_length=CONFIG["truncate_length"],
    80   1322.9 MiB      0.0 MiB           4               ).to(DEVICE)
    81   1331.7 MiB      0.0 MiB           4               scores = (
    82   1331.7 MiB    411.7 MiB           4                   model(**inputs, return_dict=True)
    83   1331.7 MiB      0.0 MiB           8                   .logits.view(
    84   1331.7 MiB      0.0 MiB           4                       -1,
    85                                                         )
    86   1331.7 MiB      0.0 MiB           4                   .float()
    87                                                     )
    88   1331.7 MiB      0.0 MiB           4           doc_scores = list(zip(documents, scores))
    89   1331.7 MiB      0.0 MiB          84           doc_scores.sort(key=lambda x: x[1], reverse=True)
    90   1331.7 MiB      0.0 MiB          52           reranked_batches.append([doc for doc, _ in doc_scores])
    91   1331.7 MiB      0.0 MiB           1       return reranked_batches


[TIMING] _rerank_documents_batch - END (took 10.08s)

[TIMING] _fetch_documents_batch - START
Filename: /home/yy2394/cs5416-final-project/exp3/03_documents_service.py

Line #    Mem usage    Increment  Occurrences   Line Contents
=============================================================
    32   1305.4 MiB   1305.4 MiB           1   @profile_with_timing
    33                                         @profile
    34                                         def _fetch_documents_batch(doc_id_batches: list[list[int]]) -> list[list[dict]]:
    35                                             """Step 4: Fetch documents for each query in the batch using SQLite"""
    36   1305.4 MiB      0.0 MiB           1       conn = sqlite3.connect(db_path)
    37   1305.4 MiB      0.0 MiB           1       cursor = conn.cursor()
    38   1305.4 MiB      0.0 MiB           1       documents_batch = []
    39   1305.4 MiB      0.0 MiB           5       for doc_ids in doc_id_batches:
    40   1305.4 MiB      0.0 MiB           4           documents = []
    41   1305.4 MiB      0.0 MiB          44           for doc_id in doc_ids:
    42   1305.4 MiB      0.0 MiB          80               cursor.execute(
    43   1305.4 MiB      0.0 MiB          40                   "SELECT doc_id, title, content, category FROM documents WHERE doc_id = ?",
    44   1305.4 MiB      0.0 MiB          40                   (doc_id,),
    45                                                     )
    46   1305.4 MiB      0.0 MiB          40               result = cursor.fetchone()
    47   1305.4 MiB      0.0 MiB          40               if result:
    48   1305.4 MiB      0.0 MiB          80                   documents.append(
    49   1305.4 MiB      0.0 MiB          40                       {
    50   1305.4 MiB      0.0 MiB          40                           "doc_id": result[0],
    51   1305.4 MiB      0.0 MiB          40                           "title": result[1],
    52   1305.4 MiB      0.0 MiB          40                           "content": result[2],
    53   1305.4 MiB      0.0 MiB          40                           "category": result[3],
    54                                                             }
    55                                                         )
    56   1305.4 MiB      0.0 MiB           4           documents_batch.append(documents)
    57   1305.4 MiB      0.0 MiB           1       conn.close()
    58   1305.4 MiB      0.0 MiB           1       return documents_batch


[TIMING] _fetch_documents_batch - END (took 0.15s)

[TIMING] _rerank_documents_batch - START
Filename: /home/yy2394/cs5416-final-project/exp3/03_documents_service.py

Line #    Mem usage    Increment  Occurrences   Line Contents
=============================================================
    61   1305.4 MiB   1305.4 MiB           1   @profile_with_timing
    62                                         @profile
    63                                         def _rerank_documents_batch(
    64                                             queries: list[str], documents_batch: list[list[dict]]
    65                                         ) -> list[list[dict]]:
    66                                             """Step 5: Rerank retrieved documents for each query in the batch"""
    67   1305.4 MiB      0.0 MiB           1       reranked_batches = []
    68   1305.4 MiB      0.0 MiB           5       for query, documents in zip(queries, documents_batch):
    69   1305.4 MiB      0.0 MiB           4           if not documents:
    70                                                     reranked_batches.append([])
    71                                                     continue
    72   1305.4 MiB      0.0 MiB          52           pairs = [[query, doc["content"]] for doc in documents]
    73   1305.4 MiB      0.0 MiB           8           with torch.no_grad():
    74   1305.4 MiB      0.0 MiB          12               inputs = tokenizer(
    75   1305.4 MiB      0.0 MiB           4                   pairs,
    76   1305.4 MiB      0.0 MiB           4                   padding=True,
    77   1305.4 MiB      0.0 MiB           4                   truncation=True,
    78   1305.4 MiB      0.0 MiB           4                   return_tensors="pt",
    79   1305.4 MiB      0.0 MiB           4                   max_length=CONFIG["truncate_length"],
    80   1305.4 MiB      0.0 MiB           4               ).to(DEVICE)
    81   1305.4 MiB      0.0 MiB           4               scores = (
    82   1305.4 MiB      0.0 MiB           4                   model(**inputs, return_dict=True)
    83   1305.4 MiB      0.0 MiB           8                   .logits.view(
    84   1305.4 MiB      0.0 MiB           4                       -1,
    85                                                         )
    86   1305.4 MiB      0.0 MiB           4                   .float()
    87                                                     )
    88   1305.4 MiB      0.0 MiB           4           doc_scores = list(zip(documents, scores))
    89   1305.4 MiB      0.0 MiB          84           doc_scores.sort(key=lambda x: x[1], reverse=True)
    90   1305.4 MiB      0.0 MiB          52           reranked_batches.append([doc for doc, _ in doc_scores])
    91   1305.4 MiB      0.0 MiB           1       return reranked_batches


[TIMING] _rerank_documents_batch - END (took 1.86s)

[TIMING] _fetch_documents_batch - START
Filename: /home/yy2394/cs5416-final-project/exp3/03_documents_service.py

Line #    Mem usage    Increment  Occurrences   Line Contents
=============================================================
    32   1305.7 MiB   1305.7 MiB           1   @profile_with_timing
    33                                         @profile
    34                                         def _fetch_documents_batch(doc_id_batches: list[list[int]]) -> list[list[dict]]:
    35                                             """Step 4: Fetch documents for each query in the batch using SQLite"""
    36   1305.7 MiB      0.0 MiB           1       conn = sqlite3.connect(db_path)
    37   1305.7 MiB      0.0 MiB           1       cursor = conn.cursor()
    38   1305.7 MiB      0.0 MiB           1       documents_batch = []
    39   1305.7 MiB      0.0 MiB           5       for doc_ids in doc_id_batches:
    40   1305.7 MiB      0.0 MiB           4           documents = []
    41   1305.7 MiB      0.0 MiB          44           for doc_id in doc_ids:
    42   1305.7 MiB      0.0 MiB          80               cursor.execute(
    43   1305.7 MiB      0.0 MiB          40                   "SELECT doc_id, title, content, category FROM documents WHERE doc_id = ?",
    44   1305.7 MiB      0.0 MiB          40                   (doc_id,),
    45                                                     )
    46   1305.7 MiB      0.0 MiB          40               result = cursor.fetchone()
    47   1305.7 MiB      0.0 MiB          40               if result:
    48   1305.7 MiB      0.0 MiB          80                   documents.append(
    49   1305.7 MiB      0.0 MiB          40                       {
    50   1305.7 MiB      0.0 MiB          40                           "doc_id": result[0],
    51   1305.7 MiB      0.0 MiB          40                           "title": result[1],
    52   1305.7 MiB      0.0 MiB          40                           "content": result[2],
    53   1305.7 MiB      0.0 MiB          40                           "category": result[3],
    54                                                             }
    55                                                         )
    56   1305.7 MiB      0.0 MiB           4           documents_batch.append(documents)
    57   1305.7 MiB      0.0 MiB           1       conn.close()
    58   1305.7 MiB      0.0 MiB           1       return documents_batch


[TIMING] _fetch_documents_batch - END (took 0.16s)

[TIMING] _rerank_documents_batch - START
Filename: /home/yy2394/cs5416-final-project/exp3/03_documents_service.py

Line #    Mem usage    Increment  Occurrences   Line Contents
=============================================================
    61   1305.7 MiB   1305.7 MiB           1   @profile_with_timing
    62                                         @profile
    63                                         def _rerank_documents_batch(
    64                                             queries: list[str], documents_batch: list[list[dict]]
    65                                         ) -> list[list[dict]]:
    66                                             """Step 5: Rerank retrieved documents for each query in the batch"""
    67   1305.7 MiB      0.0 MiB           1       reranked_batches = []
    68   1305.7 MiB      0.0 MiB           5       for query, documents in zip(queries, documents_batch):
    69   1305.7 MiB      0.0 MiB           4           if not documents:
    70                                                     reranked_batches.append([])
    71                                                     continue
    72   1305.7 MiB      0.0 MiB          52           pairs = [[query, doc["content"]] for doc in documents]
    73   1305.7 MiB      0.0 MiB           8           with torch.no_grad():
    74   1305.7 MiB      0.0 MiB          12               inputs = tokenizer(
    75   1305.7 MiB      0.0 MiB           4                   pairs,
    76   1305.7 MiB      0.0 MiB           4                   padding=True,
    77   1305.7 MiB      0.0 MiB           4                   truncation=True,
    78   1305.7 MiB      0.0 MiB           4                   return_tensors="pt",
    79   1305.7 MiB      0.0 MiB           4                   max_length=CONFIG["truncate_length"],
    80   1305.7 MiB      0.0 MiB           4               ).to(DEVICE)
    81   1305.7 MiB      0.0 MiB           4               scores = (
    82   1305.7 MiB      0.0 MiB           4                   model(**inputs, return_dict=True)
    83   1305.7 MiB      0.0 MiB           8                   .logits.view(
    84   1305.7 MiB      0.0 MiB           4                       -1,
    85                                                         )
    86   1305.7 MiB      0.0 MiB           4                   .float()
    87                                                     )
    88   1305.7 MiB      0.0 MiB           4           doc_scores = list(zip(documents, scores))
    89   1305.7 MiB      0.0 MiB          84           doc_scores.sort(key=lambda x: x[1], reverse=True)
    90   1305.7 MiB      0.0 MiB          52           reranked_batches.append([doc for doc, _ in doc_scores])
    91   1305.7 MiB      0.0 MiB           1       return reranked_batches


[TIMING] _rerank_documents_batch - END (took 1.90s)
