============================================================
EMBEDDING SERVICE
============================================================
Node: 0
Port: 8001
Model: BAAI/bge-base-en-v1.5
============================================================
 * Serving Flask app '01_embedding_service'
 * Debug mode: off
============================================================
EMBEDDING SERVICE
============================================================
Node: 0
Port: 8001
Model: BAAI/bge-base-en-v1.5
============================================================
 * Serving Flask app '01_embedding_service'
 * Debug mode: off
============================================================
EMBEDDING SERVICE
============================================================
Node: 0
Port: 8001
Model: BAAI/bge-base-en-v1.5
============================================================
 * Serving Flask app '01_embedding_service'
 * Debug mode: off
============================================================
EMBEDDING SERVICE
============================================================
Node: 0
Port: 9001
Model: BAAI/bge-base-en-v1.5
============================================================
 * Serving Flask app '01_embedding_service'
 * Debug mode: off

[TIMING] _generate_embeddings_batch - START

[TIMING] _generate_embeddings_batch - START
Filename: /home/yy2394/cs5416-final-project/exp3/01_embedding_service.py

Filename: /home/yy2394/cs5416-final-project/exp3/01_embedding_service.py

Line #    Mem usage    Increment  Occurrences   Line Contents
=============================================================
Line #    Mem usage    Increment  Occurrences   Line Contents
    21    659.4 MiB    659.4 MiB           1   @profile_with_timing
    22                                         @profile
    23                                         def _generate_embeddings_batch(texts: list[str]) -> np.ndarray:
=============================================================
    24                                             """Step 2: Generate embeddings for a batch of queries"""
    21    659.4 MiB    659.4 MiB           1   @profile_with_timing
    25   1012.0 MiB    352.6 MiB           1       embeddings = model.encode(texts, normalize_embeddings=True, convert_to_numpy=True)
    22                                         @profile
    26   1012.0 MiB      0.0 MiB           1       gc.collect()
    27   1012.0 MiB      0.0 MiB           1       return embeddings
    23                                         def _generate_embeddings_batch(texts: list[str]) -> np.ndarray:


    24                                             """Step 2: Generate embeddings for a batch of queries"""
[TIMING] _generate_embeddings_batch - END (took 3.28s)    25   1012.0 MiB    352.6 MiB           1       embeddings = model.encode(texts, normalize_embeddings=True, convert_to_numpy=True)
    26   1012.0 MiB      0.0 MiB           1       gc.collect()

    27   1012.0 MiB      0.0 MiB           1       return embeddings


[TIMING] _generate_embeddings_batch - END (took 3.31s)

[TIMING] _generate_embeddings_batch - START
Filename: /home/yy2394/cs5416-final-project/exp3/01_embedding_service.py

Line #    Mem usage    Increment  Occurrences   Line Contents
=============================================================
    21    989.1 MiB    989.1 MiB           1   @profile_with_timing
    22                                         @profile
    23                                         def _generate_embeddings_batch(texts: list[str]) -> np.ndarray:
    24                                             """Step 2: Generate embeddings for a batch of queries"""
    25    989.8 MiB      0.8 MiB           1       embeddings = model.encode(texts, normalize_embeddings=True, convert_to_numpy=True)
    26    989.8 MiB      0.0 MiB           1       gc.collect()
    27    989.8 MiB      0.0 MiB           1       return embeddings


[TIMING] _generate_embeddings_batch - END (took 0.29s)

[TIMING] _generate_embeddings_batch - START
Filename: /home/yy2394/cs5416-final-project/exp3/01_embedding_service.py

Line #    Mem usage    Increment  Occurrences   Line Contents
=============================================================
    21    991.0 MiB    991.0 MiB           1   @profile_with_timing
    22                                         @profile
    23                                         def _generate_embeddings_batch(texts: list[str]) -> np.ndarray:
    24                                             """Step 2: Generate embeddings for a batch of queries"""
    25    991.0 MiB      0.0 MiB           1       embeddings = model.encode(texts, normalize_embeddings=True, convert_to_numpy=True)
    26    991.0 MiB      0.0 MiB           1       gc.collect()
    27    991.0 MiB      0.0 MiB           1       return embeddings


[TIMING] _generate_embeddings_batch - END (took 0.36s)
