============================================================
SENTIMENT & SAFETY SERVICE
============================================================
Node: 0
Port: 8005
Sentiment Model: nlptown/bert-base-multilingual-uncased-sentiment
Safety Model: unitary/toxic-bert
============================================================
 * Serving Flask app '05_sentiment_and_safety_service'
 * Debug mode: off
============================================================
SENTIMENT & SAFETY SERVICE
============================================================
Node: 0
Port: 8005
Sentiment Model: nlptown/bert-base-multilingual-uncased-sentiment
Safety Model: unitary/toxic-bert
============================================================
 * Serving Flask app '05_sentiment_and_safety_service'
 * Debug mode: off
============================================================
SENTIMENT & SAFETY SERVICE
============================================================
Node: 0
Port: 9005
Sentiment Model: nlptown/bert-base-multilingual-uncased-sentiment
Safety Model: unitary/toxic-bert
============================================================
 * Serving Flask app '05_sentiment_and_safety_service'
 * Debug mode: off

[TIMING] _analyze_sentiment_batch - START
Filename: /home/yy2394/cs5416-final-project/exp3/05_sentiment_and_safety_service.py

Line #    Mem usage    Increment  Occurrences   Line Contents
=============================================================
    26    670.5 MiB    670.5 MiB           1   @profile_with_timing
    27                                         @profile
    28                                         def _analyze_sentiment_batch(texts: list[str]) -> list[str]:
    29                                             """Step 7: Analyze sentiment for each generated response"""
    30    670.5 MiB      0.0 MiB           7       truncated_texts = [text[: CONFIG["truncate_length"]] for text in texts]
    31   1018.3 MiB    347.8 MiB           1       raw_results = sentiment_classifier(truncated_texts)
    32   1018.3 MiB      0.0 MiB           1       sentiment_map = {
    33   1018.3 MiB      0.0 MiB           1           "1 star": "very negative",
    34   1018.3 MiB      0.0 MiB           1           "2 stars": "negative",
    35   1018.3 MiB      0.0 MiB           1           "3 stars": "neutral",
    36   1018.3 MiB      0.0 MiB           1           "4 stars": "positive",
    37   1018.3 MiB      0.0 MiB           1           "5 stars": "very positive",
    38                                             }
    39   1018.3 MiB      0.0 MiB           1       sentiments = []
    40   1018.3 MiB      0.0 MiB           5       for result in raw_results:
    41   1018.3 MiB      0.0 MiB           4           sentiments.append(sentiment_map.get(result["label"], "neutral"))
    42   1018.3 MiB      0.0 MiB           1       return sentiments


[TIMING] _analyze_sentiment_batch - END (took 3.27s)

[TIMING] _filter_response_safety_batch - START
Filename: /home/yy2394/cs5416-final-project/exp3/05_sentiment_and_safety_service.py

Line #    Mem usage    Increment  Occurrences   Line Contents
=============================================================
    45   1018.3 MiB   1018.3 MiB           1   @profile_with_timing
    46                                         @profile
    47                                         def _filter_response_safety_batch(texts: list[str]) -> list[bool]:
    48                                             """Step 8: Filter responses for safety for each entry in the batch"""
    49   1018.3 MiB      0.0 MiB           7       truncated_texts = [text[: CONFIG["truncate_length"]] for text in texts]
    50   1347.7 MiB    329.4 MiB           1       raw_results = safety_classifier(truncated_texts)
    51   1347.7 MiB      0.0 MiB           1       toxicity_flags = []
    52   1347.7 MiB      0.0 MiB           5       for result in raw_results:
    53   1347.7 MiB      0.0 MiB           4           toxicity_flags.append(result["score"] > 0.5)
    54   1347.7 MiB      0.0 MiB           1       return toxicity_flags


[TIMING] _filter_response_safety_batch - END (took 3.20s)

[TIMING] _analyze_sentiment_batch - START
Filename: /home/yy2394/cs5416-final-project/exp3/05_sentiment_and_safety_service.py

Line #    Mem usage    Increment  Occurrences   Line Contents
=============================================================
    26   1325.0 MiB   1325.0 MiB           1   @profile_with_timing
    27                                         @profile
    28                                         def _analyze_sentiment_batch(texts: list[str]) -> list[str]:
    29                                             """Step 7: Analyze sentiment for each generated response"""
    30   1325.0 MiB      0.0 MiB           7       truncated_texts = [text[: CONFIG["truncate_length"]] for text in texts]
    31   1336.1 MiB     11.1 MiB           1       raw_results = sentiment_classifier(truncated_texts)
    32   1336.1 MiB      0.0 MiB           1       sentiment_map = {
    33   1336.1 MiB      0.0 MiB           1           "1 star": "very negative",
    34   1336.1 MiB      0.0 MiB           1           "2 stars": "negative",
    35   1336.1 MiB      0.0 MiB           1           "3 stars": "neutral",
    36   1336.1 MiB      0.0 MiB           1           "4 stars": "positive",
    37   1336.1 MiB      0.0 MiB           1           "5 stars": "very positive",
    38                                             }
    39   1336.1 MiB      0.0 MiB           1       sentiments = []
    40   1336.1 MiB      0.0 MiB           5       for result in raw_results:
    41   1336.1 MiB      0.0 MiB           4           sentiments.append(sentiment_map.get(result["label"], "neutral"))
    42   1336.1 MiB      0.0 MiB           1       return sentiments


[TIMING] _analyze_sentiment_batch - END (took 7.70s)

[TIMING] _filter_response_safety_batch - START
Filename: /home/yy2394/cs5416-final-project/exp3/05_sentiment_and_safety_service.py

Line #    Mem usage    Increment  Occurrences   Line Contents
=============================================================
    45   1336.1 MiB   1336.1 MiB           1   @profile_with_timing
    46                                         @profile
    47                                         def _filter_response_safety_batch(texts: list[str]) -> list[bool]:
    48                                             """Step 8: Filter responses for safety for each entry in the batch"""
    49   1336.1 MiB      0.0 MiB           7       truncated_texts = [text[: CONFIG["truncate_length"]] for text in texts]
    50   1342.4 MiB      6.3 MiB           1       raw_results = safety_classifier(truncated_texts)
    51   1342.4 MiB      0.0 MiB           1       toxicity_flags = []
    52   1342.4 MiB      0.0 MiB           5       for result in raw_results:
    53   1342.4 MiB      0.0 MiB           4           toxicity_flags.append(result["score"] > 0.5)
    54   1342.4 MiB      0.0 MiB           1       return toxicity_flags


[TIMING] _filter_response_safety_batch - END (took 7.75s)

[TIMING] _analyze_sentiment_batch - START
Filename: /home/yy2394/cs5416-final-project/exp3/05_sentiment_and_safety_service.py

Line #    Mem usage    Increment  Occurrences   Line Contents
=============================================================
    26   1345.1 MiB   1345.1 MiB           1   @profile_with_timing
    27                                         @profile
    28                                         def _analyze_sentiment_batch(texts: list[str]) -> list[str]:
    29                                             """Step 7: Analyze sentiment for each generated response"""
    30   1345.1 MiB      0.0 MiB           7       truncated_texts = [text[: CONFIG["truncate_length"]] for text in texts]
    31   1345.1 MiB      0.0 MiB           1       raw_results = sentiment_classifier(truncated_texts)
    32   1345.1 MiB      0.0 MiB           1       sentiment_map = {
    33   1345.1 MiB      0.0 MiB           1           "1 star": "very negative",
    34   1345.1 MiB      0.0 MiB           1           "2 stars": "negative",
    35   1345.1 MiB      0.0 MiB           1           "3 stars": "neutral",
    36   1345.1 MiB      0.0 MiB           1           "4 stars": "positive",
    37   1345.1 MiB      0.0 MiB           1           "5 stars": "very positive",
    38                                             }
    39   1345.1 MiB      0.0 MiB           1       sentiments = []
    40   1345.1 MiB      0.0 MiB           5       for result in raw_results:
    41   1345.1 MiB      0.0 MiB           4           sentiments.append(sentiment_map.get(result["label"], "neutral"))
    42   1345.1 MiB      0.0 MiB           1       return sentiments


[TIMING] _analyze_sentiment_batch - END (took 2.43s)

[TIMING] _filter_response_safety_batch - START
Filename: /home/yy2394/cs5416-final-project/exp3/05_sentiment_and_safety_service.py

Line #    Mem usage    Increment  Occurrences   Line Contents
=============================================================
    45   1345.1 MiB   1345.1 MiB           1   @profile_with_timing
    46                                         @profile
    47                                         def _filter_response_safety_batch(texts: list[str]) -> list[bool]:
    48                                             """Step 8: Filter responses for safety for each entry in the batch"""
    49   1345.1 MiB      0.0 MiB           7       truncated_texts = [text[: CONFIG["truncate_length"]] for text in texts]
    50   1345.1 MiB      0.0 MiB           1       raw_results = safety_classifier(truncated_texts)
    51   1345.1 MiB      0.0 MiB           1       toxicity_flags = []
    52   1345.1 MiB      0.0 MiB           5       for result in raw_results:
    53   1345.1 MiB      0.0 MiB           4           toxicity_flags.append(result["score"] > 0.5)
    54   1345.1 MiB      0.0 MiB           1       return toxicity_flags


[TIMING] _filter_response_safety_batch - END (took 2.71s)

[TIMING] _analyze_sentiment_batch - START
Filename: /home/yy2394/cs5416-final-project/exp3/05_sentiment_and_safety_service.py

Line #    Mem usage    Increment  Occurrences   Line Contents
=============================================================
    26   1346.3 MiB   1346.3 MiB           1   @profile_with_timing
    27                                         @profile
    28                                         def _analyze_sentiment_batch(texts: list[str]) -> list[str]:
    29                                             """Step 7: Analyze sentiment for each generated response"""
    30   1346.3 MiB      0.0 MiB           5       truncated_texts = [text[: CONFIG["truncate_length"]] for text in texts]
    31   1346.8 MiB      0.5 MiB           1       raw_results = sentiment_classifier(truncated_texts)
    32   1346.8 MiB      0.0 MiB           1       sentiment_map = {
    33   1346.8 MiB      0.0 MiB           1           "1 star": "very negative",
    34   1346.8 MiB      0.0 MiB           1           "2 stars": "negative",
    35   1346.8 MiB      0.0 MiB           1           "3 stars": "neutral",
    36   1346.8 MiB      0.0 MiB           1           "4 stars": "positive",
    37   1346.8 MiB      0.0 MiB           1           "5 stars": "very positive",
    38                                             }
    39   1346.8 MiB      0.0 MiB           1       sentiments = []
    40   1346.8 MiB      0.0 MiB           3       for result in raw_results:
    41   1346.8 MiB      0.0 MiB           2           sentiments.append(sentiment_map.get(result["label"], "neutral"))
    42   1346.8 MiB      0.0 MiB           1       return sentiments


[TIMING] _analyze_sentiment_batch - END (took 3.32s)

[TIMING] _filter_response_safety_batch - START
Filename: /home/yy2394/cs5416-final-project/exp3/05_sentiment_and_safety_service.py

Line #    Mem usage    Increment  Occurrences   Line Contents
=============================================================
    45   1346.8 MiB   1346.8 MiB           1   @profile_with_timing
    46                                         @profile
    47                                         def _filter_response_safety_batch(texts: list[str]) -> list[bool]:
    48                                             """Step 8: Filter responses for safety for each entry in the batch"""
    49   1346.8 MiB      0.0 MiB           5       truncated_texts = [text[: CONFIG["truncate_length"]] for text in texts]
    50   1346.8 MiB      0.0 MiB           1       raw_results = safety_classifier(truncated_texts)
    51   1346.8 MiB      0.0 MiB           1       toxicity_flags = []
    52   1346.8 MiB      0.0 MiB           3       for result in raw_results:
    53   1346.8 MiB      0.0 MiB           2           toxicity_flags.append(result["score"] > 0.5)
    54   1346.8 MiB      0.0 MiB           1       return toxicity_flags


[TIMING] _filter_response_safety_batch - END (took 3.08s)
