============================================================
FAISS SEARCH SERVICE
============================================================
Node: 0
Port: 8011
============================================================
 * Serving Flask app '02_faiss_search_service'
 * Debug mode: off

[TIMING] _faiss_search_batch - START
Loading FAISS index
Filename: /home/yy2394/cs5416-final-project/exp3/02_faiss_search_service.py

Line #    Mem usage    Increment  Occurrences   Line Contents
=============================================================
    23  13552.2 MiB  13552.2 MiB           1   @profile_with_timing
    24                                         @profile
    25                                         def _faiss_search_batch(query_embeddings: np.ndarray) -> list[list[int]]:
    26                                             """Step 3: Perform FAISS ANN search for a batch of embeddings"""
    27  13552.2 MiB      0.0 MiB           1       if not os.path.exists(CONFIG["faiss_index_path"]):
    28                                                 raise FileNotFoundError(
    29                                                     "FAISS index not found. Please create the index before running the pipeline."
    30                                                 )
    31  13552.2 MiB      0.0 MiB           1       print("Loading FAISS index", flush=True)
    32  13552.2 MiB      0.0 MiB           1       query_embeddings = query_embeddings.astype("float32")
    33  13545.9 MiB     -6.3 MiB           1       _, indices = index.search(query_embeddings, CONFIG["retrieval_k"])
    34  13545.9 MiB      0.0 MiB           7       return [row.tolist() for row in indices]


[TIMING] _faiss_search_batch - END (took 2.20s)

[TIMING] _faiss_search_batch - START
Loading FAISS index
Filename: /home/yy2394/cs5416-final-project/exp3/02_faiss_search_service.py

Line #    Mem usage    Increment  Occurrences   Line Contents
=============================================================
    23  13540.0 MiB  13540.0 MiB           1   @profile_with_timing
    24                                         @profile
    25                                         def _faiss_search_batch(query_embeddings: np.ndarray) -> list[list[int]]:
    26                                             """Step 3: Perform FAISS ANN search for a batch of embeddings"""
    27  13540.0 MiB      0.0 MiB           1       if not os.path.exists(CONFIG["faiss_index_path"]):
    28                                                 raise FileNotFoundError(
    29                                                     "FAISS index not found. Please create the index before running the pipeline."
    30                                                 )
    31  13540.0 MiB      0.0 MiB           1       print("Loading FAISS index", flush=True)
    32  13540.0 MiB      0.0 MiB           1       query_embeddings = query_embeddings.astype("float32")
    33  13540.0 MiB      0.0 MiB           1       _, indices = index.search(query_embeddings, CONFIG["retrieval_k"])
    34  13540.0 MiB      0.0 MiB           7       return [row.tolist() for row in indices]


[TIMING] _faiss_search_batch - END (took 1.39s)
