============================================================
EMBEDDING SERVICE
============================================================
Node: 0
Port: 8001
Model: BAAI/bge-base-en-v1.5
============================================================
 * Serving Flask app '01_embedding_service'
 * Debug mode: off

[TIMING] _generate_embeddings_batch - START
Filename: /home/yy2394/cs5416-final-project/exp3/01_embedding_service.py

Line #    Mem usage    Increment  Occurrences   Line Contents
=============================================================
    21    465.9 MiB    465.9 MiB           1   @profile_with_timing
    22                                         @profile
    23                                         def _generate_embeddings_batch(texts: list[str]) -> np.ndarray:
    24                                             """Step 2: Generate embeddings for a batch of queries"""
    25    807.1 MiB    341.3 MiB           1       embeddings = model.encode(texts, normalize_embeddings=True, convert_to_numpy=True)
    26    930.3 MiB    123.2 MiB           1       gc.collect()
    27    930.3 MiB      0.0 MiB           1       return embeddings


[TIMING] _generate_embeddings_batch - END (took 24.79s)

[TIMING] _generate_embeddings_batch - START
Filename: /home/yy2394/cs5416-final-project/exp3/01_embedding_service.py

Line #    Mem usage    Increment  Occurrences   Line Contents
=============================================================
    21    690.8 MiB    690.8 MiB           1   @profile_with_timing
    22                                         @profile
    23                                         def _generate_embeddings_batch(texts: list[str]) -> np.ndarray:
    24                                             """Step 2: Generate embeddings for a batch of queries"""
    25    694.7 MiB      3.9 MiB           1       embeddings = model.encode(texts, normalize_embeddings=True, convert_to_numpy=True)
    26    694.7 MiB      0.0 MiB           1       gc.collect()
    27    694.7 MiB      0.0 MiB           1       return embeddings


[TIMING] _generate_embeddings_batch - END (took 1.27s)

[TIMING] _generate_embeddings_batch - START
Filename: /home/yy2394/cs5416-final-project/exp3/01_embedding_service.py

Line #    Mem usage    Increment  Occurrences   Line Contents
=============================================================
    21    680.9 MiB    680.9 MiB           1   @profile_with_timing
    22                                         @profile
    23                                         def _generate_embeddings_batch(texts: list[str]) -> np.ndarray:
    24                                             """Step 2: Generate embeddings for a batch of queries"""
    25    680.9 MiB      0.0 MiB           1       embeddings = model.encode(texts, normalize_embeddings=True, convert_to_numpy=True)
    26    680.9 MiB      0.0 MiB           1       gc.collect()
    27    680.9 MiB      0.0 MiB           1       return embeddings


[TIMING] _generate_embeddings_batch - END (took 0.28s)

[TIMING] _generate_embeddings_batch - START
Filename: /home/yy2394/cs5416-final-project/exp3/01_embedding_service.py

Line #    Mem usage    Increment  Occurrences   Line Contents
=============================================================
    21    681.2 MiB    681.2 MiB           1   @profile_with_timing
    22                                         @profile
    23                                         def _generate_embeddings_batch(texts: list[str]) -> np.ndarray:
    24                                             """Step 2: Generate embeddings for a batch of queries"""
    25    681.2 MiB      0.0 MiB           1       embeddings = model.encode(texts, normalize_embeddings=True, convert_to_numpy=True)
    26    681.2 MiB      0.0 MiB           1       gc.collect()
    27    681.2 MiB      0.0 MiB           1       return embeddings


[TIMING] _generate_embeddings_batch - END (took 0.29s)
