============================================================
SENTIMENT & SAFETY SERVICE
============================================================
Node: 0
Port: 8006
Sentiment Model: nlptown/bert-base-multilingual-uncased-sentiment
Safety Model: unitary/toxic-bert
============================================================
 * Serving Flask app '05_sentiment_and_safety_service'
 * Debug mode: off

[TIMING] _analyze_sentiment_batch - START
Filename: /home/yy2394/cs5416-final-project/exp3/05_sentiment_and_safety_service.py

Line #    Mem usage    Increment  Occurrences   Line Contents
=============================================================
    26    820.8 MiB    820.8 MiB           1   @profile_with_timing
    27                                         @profile
    28                                         def _analyze_sentiment_batch(texts: list[str]) -> list[str]:
    29                                             """Step 7: Analyze sentiment for each generated response"""
    30    820.8 MiB      0.0 MiB           7       truncated_texts = [text[: CONFIG["truncate_length"]] for text in texts]
    31    965.7 MiB    144.9 MiB           1       raw_results = sentiment_classifier(truncated_texts)
    32    965.7 MiB      0.0 MiB           1       sentiment_map = {
    33    965.7 MiB      0.0 MiB           1           "1 star": "very negative",
    34    965.7 MiB      0.0 MiB           1           "2 stars": "negative",
    35    965.7 MiB      0.0 MiB           1           "3 stars": "neutral",
    36    965.7 MiB      0.0 MiB           1           "4 stars": "positive",
    37    965.7 MiB      0.0 MiB           1           "5 stars": "very positive",
    38                                             }
    39    965.7 MiB      0.0 MiB           1       sentiments = []
    40    965.7 MiB      0.0 MiB           5       for result in raw_results:
    41    965.7 MiB      0.0 MiB           4           sentiments.append(sentiment_map.get(result["label"], "neutral"))
    42    965.7 MiB      0.0 MiB           1       return sentiments


[TIMING] _analyze_sentiment_batch - END (took 8.67s)

[TIMING] _filter_response_safety_batch - START
Filename: /home/yy2394/cs5416-final-project/exp3/05_sentiment_and_safety_service.py

Line #    Mem usage    Increment  Occurrences   Line Contents
=============================================================
    45    965.7 MiB    965.7 MiB           1   @profile_with_timing
    46                                         @profile
    47                                         def _filter_response_safety_batch(texts: list[str]) -> list[bool]:
    48                                             """Step 8: Filter responses for safety for each entry in the batch"""
    49    965.7 MiB      0.0 MiB           7       truncated_texts = [text[: CONFIG["truncate_length"]] for text in texts]
    50   1071.2 MiB    105.5 MiB           1       raw_results = safety_classifier(truncated_texts)
    51   1071.2 MiB      0.0 MiB           1       toxicity_flags = []
    52   1071.2 MiB      0.0 MiB           5       for result in raw_results:
    53   1071.2 MiB      0.0 MiB           4           toxicity_flags.append(result["score"] > 0.5)
    54   1071.2 MiB      0.0 MiB           1       return toxicity_flags


[TIMING] _filter_response_safety_batch - END (took 6.65s)

[TIMING] _analyze_sentiment_batch - START
Filename: /home/yy2394/cs5416-final-project/exp3/05_sentiment_and_safety_service.py

Line #    Mem usage    Increment  Occurrences   Line Contents
=============================================================
    26   1033.9 MiB   1033.9 MiB           1   @profile_with_timing
    27                                         @profile
    28                                         def _analyze_sentiment_batch(texts: list[str]) -> list[str]:
    29                                             """Step 7: Analyze sentiment for each generated response"""
    30   1033.9 MiB      0.0 MiB           7       truncated_texts = [text[: CONFIG["truncate_length"]] for text in texts]
    31   1043.4 MiB      9.5 MiB           1       raw_results = sentiment_classifier(truncated_texts)
    32   1043.4 MiB      0.0 MiB           1       sentiment_map = {
    33   1043.4 MiB      0.0 MiB           1           "1 star": "very negative",
    34   1043.4 MiB      0.0 MiB           1           "2 stars": "negative",
    35   1043.4 MiB      0.0 MiB           1           "3 stars": "neutral",
    36   1043.4 MiB      0.0 MiB           1           "4 stars": "positive",
    37   1043.4 MiB      0.0 MiB           1           "5 stars": "very positive",
    38                                             }
    39   1043.4 MiB      0.0 MiB           1       sentiments = []
    40   1043.4 MiB      0.0 MiB           5       for result in raw_results:
    41   1043.4 MiB      0.0 MiB           4           sentiments.append(sentiment_map.get(result["label"], "neutral"))
    42   1043.4 MiB      0.0 MiB           1       return sentiments


[TIMING] _analyze_sentiment_batch - END (took 0.71s)

[TIMING] _filter_response_safety_batch - START
Filename: /home/yy2394/cs5416-final-project/exp3/05_sentiment_and_safety_service.py

Line #    Mem usage    Increment  Occurrences   Line Contents
=============================================================
    45   1043.4 MiB   1043.4 MiB           1   @profile_with_timing
    46                                         @profile
    47                                         def _filter_response_safety_batch(texts: list[str]) -> list[bool]:
    48                                             """Step 8: Filter responses for safety for each entry in the batch"""
    49   1043.4 MiB      0.0 MiB           7       truncated_texts = [text[: CONFIG["truncate_length"]] for text in texts]
    50   1044.6 MiB      1.2 MiB           1       raw_results = safety_classifier(truncated_texts)
    51   1044.6 MiB      0.0 MiB           1       toxicity_flags = []
    52   1044.6 MiB      0.0 MiB           5       for result in raw_results:
    53   1044.6 MiB      0.0 MiB           4           toxicity_flags.append(result["score"] > 0.5)
    54   1044.6 MiB      0.0 MiB           1       return toxicity_flags


[TIMING] _filter_response_safety_batch - END (took 0.55s)

[TIMING] _analyze_sentiment_batch - START
Filename: /home/yy2394/cs5416-final-project/exp3/05_sentiment_and_safety_service.py

Line #    Mem usage    Increment  Occurrences   Line Contents
=============================================================
    26   1041.2 MiB   1041.2 MiB           1   @profile_with_timing
    27                                         @profile
    28                                         def _analyze_sentiment_batch(texts: list[str]) -> list[str]:
    29                                             """Step 7: Analyze sentiment for each generated response"""
    30   1041.2 MiB      0.0 MiB           7       truncated_texts = [text[: CONFIG["truncate_length"]] for text in texts]
    31   1041.2 MiB      0.0 MiB           1       raw_results = sentiment_classifier(truncated_texts)
    32   1041.2 MiB      0.0 MiB           1       sentiment_map = {
    33   1041.2 MiB      0.0 MiB           1           "1 star": "very negative",
    34   1041.2 MiB      0.0 MiB           1           "2 stars": "negative",
    35   1041.2 MiB      0.0 MiB           1           "3 stars": "neutral",
    36   1041.2 MiB      0.0 MiB           1           "4 stars": "positive",
    37   1041.2 MiB      0.0 MiB           1           "5 stars": "very positive",
    38                                             }
    39   1041.2 MiB      0.0 MiB           1       sentiments = []
    40   1041.2 MiB      0.0 MiB           5       for result in raw_results:
    41   1041.2 MiB      0.0 MiB           4           sentiments.append(sentiment_map.get(result["label"], "neutral"))
    42   1041.2 MiB      0.0 MiB           1       return sentiments


[TIMING] _analyze_sentiment_batch - END (took 0.38s)

[TIMING] _filter_response_safety_batch - START
Filename: /home/yy2394/cs5416-final-project/exp3/05_sentiment_and_safety_service.py

Line #    Mem usage    Increment  Occurrences   Line Contents
=============================================================
    45   1041.2 MiB   1041.2 MiB           1   @profile_with_timing
    46                                         @profile
    47                                         def _filter_response_safety_batch(texts: list[str]) -> list[bool]:
    48                                             """Step 8: Filter responses for safety for each entry in the batch"""
    49   1041.2 MiB      0.0 MiB           7       truncated_texts = [text[: CONFIG["truncate_length"]] for text in texts]
    50   1041.2 MiB      0.0 MiB           1       raw_results = safety_classifier(truncated_texts)
    51   1041.2 MiB      0.0 MiB           1       toxicity_flags = []
    52   1041.2 MiB      0.0 MiB           5       for result in raw_results:
    53   1041.2 MiB      0.0 MiB           4           toxicity_flags.append(result["score"] > 0.5)
    54   1041.2 MiB      0.0 MiB           1       return toxicity_flags


[TIMING] _filter_response_safety_batch - END (took 0.31s)

[TIMING] _analyze_sentiment_batch - START
Filename: /home/yy2394/cs5416-final-project/exp3/05_sentiment_and_safety_service.py

Line #    Mem usage    Increment  Occurrences   Line Contents
=============================================================
    26   1042.2 MiB   1042.2 MiB           1   @profile_with_timing
    27                                         @profile
    28                                         def _analyze_sentiment_batch(texts: list[str]) -> list[str]:
    29                                             """Step 7: Analyze sentiment for each generated response"""
    30   1042.2 MiB      0.0 MiB           7       truncated_texts = [text[: CONFIG["truncate_length"]] for text in texts]
    31   1042.2 MiB      0.0 MiB           1       raw_results = sentiment_classifier(truncated_texts)
    32   1042.2 MiB      0.0 MiB           1       sentiment_map = {
    33   1042.2 MiB      0.0 MiB           1           "1 star": "very negative",
    34   1042.2 MiB      0.0 MiB           1           "2 stars": "negative",
    35   1042.2 MiB      0.0 MiB           1           "3 stars": "neutral",
    36   1042.2 MiB      0.0 MiB           1           "4 stars": "positive",
    37   1042.2 MiB      0.0 MiB           1           "5 stars": "very positive",
    38                                             }
    39   1042.2 MiB      0.0 MiB           1       sentiments = []
    40   1042.2 MiB      0.0 MiB           5       for result in raw_results:
    41   1042.2 MiB      0.0 MiB           4           sentiments.append(sentiment_map.get(result["label"], "neutral"))
    42   1042.2 MiB      0.0 MiB           1       return sentiments


[TIMING] _analyze_sentiment_batch - END (took 0.58s)

[TIMING] _filter_response_safety_batch - START
Filename: /home/yy2394/cs5416-final-project/exp3/05_sentiment_and_safety_service.py

Line #    Mem usage    Increment  Occurrences   Line Contents
=============================================================
    45   1042.2 MiB   1042.2 MiB           1   @profile_with_timing
    46                                         @profile
    47                                         def _filter_response_safety_batch(texts: list[str]) -> list[bool]:
    48                                             """Step 8: Filter responses for safety for each entry in the batch"""
    49   1042.2 MiB      0.0 MiB           7       truncated_texts = [text[: CONFIG["truncate_length"]] for text in texts]
    50   1042.2 MiB      0.0 MiB           1       raw_results = safety_classifier(truncated_texts)
    51   1042.2 MiB      0.0 MiB           1       toxicity_flags = []
    52   1042.2 MiB      0.0 MiB           5       for result in raw_results:
    53   1042.2 MiB      0.0 MiB           4           toxicity_flags.append(result["score"] > 0.5)
    54   1042.2 MiB      0.0 MiB           1       return toxicity_flags


[TIMING] _filter_response_safety_batch - END (took 0.53s)
