============================================================
EMBEDDING SERVICE
============================================================
Node: 0
Port: 8002
Model: BAAI/bge-base-en-v1.5
============================================================
 * Serving Flask app '01_embedding_service'
 * Debug mode: off

[TIMING] _generate_embeddings_batch - START
Filename: /home/yy2394/cs5416-final-project/exp3/01_embedding_service.py

Line #    Mem usage    Increment  Occurrences   Line Contents
=============================================================
    21    464.1 MiB    464.1 MiB           1   @profile_with_timing
    22                                         @profile
    23                                         def _generate_embeddings_batch(texts: list[str]) -> np.ndarray:
    24                                             """Step 2: Generate embeddings for a batch of queries"""
    25    802.7 MiB    338.5 MiB           1       embeddings = model.encode(texts, normalize_embeddings=True, convert_to_numpy=True)
    26    926.7 MiB    124.1 MiB           1       gc.collect()
    27    926.7 MiB      0.0 MiB           1       return embeddings


[TIMING] _generate_embeddings_batch - END (took 18.99s)

[TIMING] _generate_embeddings_batch - START
Filename: /home/yy2394/cs5416-final-project/exp3/01_embedding_service.py

Line #    Mem usage    Increment  Occurrences   Line Contents
=============================================================
    21    687.0 MiB    687.0 MiB           1   @profile_with_timing
    22                                         @profile
    23                                         def _generate_embeddings_batch(texts: list[str]) -> np.ndarray:
    24                                             """Step 2: Generate embeddings for a batch of queries"""
    25    691.8 MiB      4.7 MiB           1       embeddings = model.encode(texts, normalize_embeddings=True, convert_to_numpy=True)
    26    691.8 MiB      0.0 MiB           1       gc.collect()
    27    691.8 MiB      0.0 MiB           1       return embeddings


[TIMING] _generate_embeddings_batch - END (took 1.09s)

[TIMING] _generate_embeddings_batch - START
Filename: /home/yy2394/cs5416-final-project/exp3/01_embedding_service.py

Line #    Mem usage    Increment  Occurrences   Line Contents
=============================================================
    21    678.4 MiB    678.4 MiB           1   @profile_with_timing
    22                                         @profile
    23                                         def _generate_embeddings_batch(texts: list[str]) -> np.ndarray:
    24                                             """Step 2: Generate embeddings for a batch of queries"""
    25    678.4 MiB      0.0 MiB           1       embeddings = model.encode(texts, normalize_embeddings=True, convert_to_numpy=True)
    26    678.4 MiB      0.0 MiB           1       gc.collect()
    27    678.4 MiB      0.0 MiB           1       return embeddings


[TIMING] _generate_embeddings_batch - END (took 0.27s)

[TIMING] _generate_embeddings_batch - START
Filename: /home/yy2394/cs5416-final-project/exp3/01_embedding_service.py

Line #    Mem usage    Increment  Occurrences   Line Contents
=============================================================
    21    678.3 MiB    678.3 MiB           1   @profile_with_timing
    22                                         @profile
    23                                         def _generate_embeddings_batch(texts: list[str]) -> np.ndarray:
    24                                             """Step 2: Generate embeddings for a batch of queries"""
    25    678.3 MiB      0.0 MiB           1       embeddings = model.encode(texts, normalize_embeddings=True, convert_to_numpy=True)
    26    678.3 MiB      0.0 MiB           1       gc.collect()
    27    678.3 MiB      0.0 MiB           1       return embeddings


[TIMING] _generate_embeddings_batch - END (took 0.60s)
