============================================================
FAISS SEARCH SERVICE
============================================================
Node: 2
Port: 8010
============================================================
 * Serving Flask app '02_faiss_search_service'
 * Debug mode: off

[TIMING] _faiss_search_batch - START
Loading FAISS index
Filename: G:\cs5416-final-project\exp3\02_faiss_search_service.py

Line #    Mem usage    Increment  Occurrences   Line Contents
=============================================================
    23     22.0 MiB     22.0 MiB           1   @profile_with_timing
    24                                         @profile
    25                                         def _faiss_search_batch(query_embeddings: np.ndarray) -> list[list[int]]:
    26                                             """Step 3: Perform FAISS ANN search for a batch of embeddings"""
    27     22.0 MiB      0.1 MiB           1       if not os.path.exists(CONFIG["faiss_index_path"]):
    28                                                 raise FileNotFoundError(
    29                                                     "FAISS index not found. Please create the index before running the pipeline."
    30                                                 )
    31     22.1 MiB      0.0 MiB           1       print("Loading FAISS index", flush=True)
    32     22.3 MiB      0.2 MiB           1       query_embeddings = query_embeddings.astype("float32")
    33  11572.5 MiB  11550.2 MiB           1       _, indices = index.search(query_embeddings, CONFIG["retrieval_k"])
    34  11572.7 MiB      0.1 MiB           5       return [row.tolist() for row in indices]


[TIMING] _faiss_search_batch - END (took 38.66s)
