============================================================
FAISS SEARCH SERVICE
============================================================
Node: 1
Port: 8007
============================================================
 * Serving Flask app '02_faiss_search_service'
 * Debug mode: off

[TIMING] _faiss_search_batch - START
Loading FAISS index
Filename: G:\cs5416-final-project\exp3\02_faiss_search_service.py

Line #    Mem usage    Increment  Occurrences   Line Contents
=============================================================
    23   3381.9 MiB   3381.9 MiB           1   @profile_with_timing
    24                                         @profile
    25                                         def _faiss_search_batch(query_embeddings: np.ndarray) -> list[list[int]]:
    26                                             """Step 3: Perform FAISS ANN search for a batch of embeddings"""
    27   3381.9 MiB      0.0 MiB           1       if not os.path.exists(CONFIG["faiss_index_path"]):
    28                                                 raise FileNotFoundError(
    29                                                     "FAISS index not found. Please create the index before running the pipeline."
    30                                                 )
    31   3381.9 MiB      0.0 MiB           1       print("Loading FAISS index", flush=True)
    32   3382.1 MiB      0.1 MiB           1       query_embeddings = query_embeddings.astype("float32")
    33  10753.1 MiB   7371.1 MiB           1       _, indices = index.search(query_embeddings, CONFIG["retrieval_k"])
    34  10753.5 MiB      0.4 MiB           5       return [row.tolist() for row in indices]


[TIMING] _faiss_search_batch - END (took 26.12s)

[TIMING] _faiss_search_batch - START
Loading FAISS index
Filename: G:\cs5416-final-project\exp3\02_faiss_search_service.py

Line #    Mem usage    Increment  Occurrences   Line Contents
=============================================================
    23     13.4 MiB     13.4 MiB           1   @profile_with_timing
    24                                         @profile
    25                                         def _faiss_search_batch(query_embeddings: np.ndarray) -> list[list[int]]:
    26                                             """Step 3: Perform FAISS ANN search for a batch of embeddings"""
    27     13.4 MiB      0.1 MiB           1       if not os.path.exists(CONFIG["faiss_index_path"]):
    28                                                 raise FileNotFoundError(
    29                                                     "FAISS index not found. Please create the index before running the pipeline."
    30                                                 )
    31     13.5 MiB      0.0 MiB           1       print("Loading FAISS index", flush=True)
    32     13.6 MiB      0.1 MiB           1       query_embeddings = query_embeddings.astype("float32")
    33  12810.5 MiB  12796.9 MiB           1       _, indices = index.search(query_embeddings, CONFIG["retrieval_k"])
    34  12810.7 MiB      0.2 MiB           5       return [row.tolist() for row in indices]


[TIMING] _faiss_search_batch - END (took 33.31s)
