============================================================
EMBEDDING SERVICE
============================================================
Node: 0
Port: 8002
Model: BAAI/bge-base-en-v1.5
============================================================
 * Serving Flask app '01_embedding_service'
 * Debug mode: off

[TIMING] _generate_embeddings_batch - START
Filename: /Users/laurence/Documents/Cornell/CS5416/cs5416-final-project/exp3/01_embedding_service.py

Line #    Mem usage    Increment  Occurrences   Line Contents
=============================================================
    21     24.0 MiB     24.0 MiB           1   @profile_with_timing
    22                                         @profile
    23                                         def _generate_embeddings_batch(texts: list[str]) -> np.ndarray:
    24                                             """Step 2: Generate embeddings for a batch of queries"""
    25    391.1 MiB    367.1 MiB           1       embeddings = model.encode(texts, normalize_embeddings=True, convert_to_numpy=True)
    26    625.2 MiB    234.1 MiB           1       gc.collect()
    27    625.2 MiB      0.0 MiB           1       return embeddings


[TIMING] _generate_embeddings_batch - END (took 1.31s)

[TIMING] _generate_embeddings_batch - START
Filename: /Users/laurence/Documents/Cornell/CS5416/cs5416-final-project/exp3/01_embedding_service.py

Line #    Mem usage    Increment  Occurrences   Line Contents
=============================================================
    21     31.6 MiB     31.6 MiB           1   @profile_with_timing
    22                                         @profile
    23                                         def _generate_embeddings_batch(texts: list[str]) -> np.ndarray:
    24                                             """Step 2: Generate embeddings for a batch of queries"""
    25    385.6 MiB    354.1 MiB           1       embeddings = model.encode(texts, normalize_embeddings=True, convert_to_numpy=True)
    26    623.1 MiB    237.5 MiB           1       gc.collect()
    27    623.1 MiB      0.0 MiB           1       return embeddings


[TIMING] _generate_embeddings_batch - END (took 0.49s)
