============================================================
SENTIMENT & SAFETY SERVICE
============================================================
Node: 0
Port: 8006
Sentiment Model: nlptown/bert-base-multilingual-uncased-sentiment
Safety Model: unitary/toxic-bert
============================================================
 * Serving Flask app '05_sentiment_and_safety_service'
 * Debug mode: off

[TIMING] _analyze_sentiment_batch - START
Filename: /Users/laurence/Documents/Cornell/CS5416/cs5416-final-project/exp3/05_sentiment_and_safety_service.py

Line #    Mem usage    Increment  Occurrences   Line Contents
=============================================================
    26     22.2 MiB     22.2 MiB           1   @profile_with_timing
    27                                         @profile
    28                                         def _analyze_sentiment_batch(texts: list[str]) -> list[str]:
    29                                             """Step 7: Analyze sentiment for each generated response"""
    30     22.3 MiB      0.1 MiB           5       truncated_texts = [text[: CONFIG["truncate_length"]] for text in texts]
    31    403.5 MiB    381.2 MiB           1       raw_results = sentiment_classifier(truncated_texts)
    32    403.5 MiB      0.0 MiB           1       sentiment_map = {
    33    403.5 MiB      0.0 MiB           1           "1 star": "very negative",
    34    403.5 MiB      0.0 MiB           1           "2 stars": "negative",
    35    403.5 MiB      0.0 MiB           1           "3 stars": "neutral",
    36    403.5 MiB      0.0 MiB           1           "4 stars": "positive",
    37    403.5 MiB      0.0 MiB           1           "5 stars": "very positive",
    38                                             }
    39    403.5 MiB      0.0 MiB           1       sentiments = []
    40    403.5 MiB      0.0 MiB           5       for result in raw_results:
    41    403.5 MiB      0.0 MiB           4           sentiments.append(sentiment_map.get(result["label"], "neutral"))
    42    403.5 MiB      0.0 MiB           1       return sentiments


[TIMING] _analyze_sentiment_batch - END (took 0.72s)

[TIMING] _filter_response_safety_batch - START
Filename: /Users/laurence/Documents/Cornell/CS5416/cs5416-final-project/exp3/05_sentiment_and_safety_service.py

Line #    Mem usage    Increment  Occurrences   Line Contents
=============================================================
    45    403.6 MiB    403.6 MiB           1   @profile_with_timing
    46                                         @profile
    47                                         def _filter_response_safety_batch(texts: list[str]) -> list[bool]:
    48                                             """Step 8: Filter responses for safety for each entry in the batch"""
    49    403.6 MiB      0.0 MiB           5       truncated_texts = [text[: CONFIG["truncate_length"]] for text in texts]
    50    733.3 MiB    329.7 MiB           1       raw_results = safety_classifier(truncated_texts)
    51    733.3 MiB      0.0 MiB           1       toxicity_flags = []
    52    733.3 MiB      0.0 MiB           5       for result in raw_results:
    53    733.3 MiB      0.0 MiB           4           toxicity_flags.append(result["score"] > 0.5)
    54    733.3 MiB      0.0 MiB           1       return toxicity_flags


[TIMING] _filter_response_safety_batch - END (took 0.28s)

[TIMING] _analyze_sentiment_batch - START
Filename: /Users/laurence/Documents/Cornell/CS5416/cs5416-final-project/exp3/05_sentiment_and_safety_service.py

Line #    Mem usage    Increment  Occurrences   Line Contents
=============================================================
    26     28.0 MiB     28.0 MiB           1   @profile_with_timing
    27                                         @profile
    28                                         def _analyze_sentiment_batch(texts: list[str]) -> list[str]:
    29                                             """Step 7: Analyze sentiment for each generated response"""
    30     28.1 MiB      0.1 MiB           5       truncated_texts = [text[: CONFIG["truncate_length"]] for text in texts]
    31    397.6 MiB    369.5 MiB           1       raw_results = sentiment_classifier(truncated_texts)
    32    397.6 MiB      0.0 MiB           1       sentiment_map = {
    33    397.6 MiB      0.0 MiB           1           "1 star": "very negative",
    34    397.6 MiB      0.0 MiB           1           "2 stars": "negative",
    35    397.6 MiB      0.0 MiB           1           "3 stars": "neutral",
    36    397.6 MiB      0.0 MiB           1           "4 stars": "positive",
    37    397.6 MiB      0.0 MiB           1           "5 stars": "very positive",
    38                                             }
    39    397.6 MiB      0.0 MiB           1       sentiments = []
    40    397.6 MiB      0.0 MiB           5       for result in raw_results:
    41    397.6 MiB      0.0 MiB           4           sentiments.append(sentiment_map.get(result["label"], "neutral"))
    42    397.6 MiB      0.0 MiB           1       return sentiments


[TIMING] _analyze_sentiment_batch - END (took 1.23s)

[TIMING] _filter_response_safety_batch - START
Filename: /Users/laurence/Documents/Cornell/CS5416/cs5416-final-project/exp3/05_sentiment_and_safety_service.py

Line #    Mem usage    Increment  Occurrences   Line Contents
=============================================================
    45    397.7 MiB    397.7 MiB           1   @profile_with_timing
    46                                         @profile
    47                                         def _filter_response_safety_batch(texts: list[str]) -> list[bool]:
    48                                             """Step 8: Filter responses for safety for each entry in the batch"""
    49    397.7 MiB      0.0 MiB           5       truncated_texts = [text[: CONFIG["truncate_length"]] for text in texts]
    50    727.4 MiB    329.7 MiB           1       raw_results = safety_classifier(truncated_texts)
    51    727.4 MiB      0.0 MiB           1       toxicity_flags = []
    52    727.4 MiB      0.0 MiB           5       for result in raw_results:
    53    727.4 MiB      0.0 MiB           4           toxicity_flags.append(result["score"] > 0.5)
    54    727.4 MiB      0.0 MiB           1       return toxicity_flags


[TIMING] _filter_response_safety_batch - END (took 1.17s)
