============================================================
EMBEDDING SERVICE
============================================================
Node: 0
Port: 8001
Model: BAAI/bge-base-en-v1.5
============================================================
 * Serving Flask app '01_embedding_service'
 * Debug mode: off

[TIMING] _generate_embeddings_batch - START
Filename: /Users/laurence/Documents/Cornell/CS5416/cs5416-final-project/exp3/01_embedding_service.py

Line #    Mem usage    Increment  Occurrences   Line Contents
=============================================================
    21     23.5 MiB     23.5 MiB           1   @profile_with_timing
    22                                         @profile
    23                                         def _generate_embeddings_batch(texts: list[str]) -> np.ndarray:
    24                                             """Step 2: Generate embeddings for a batch of queries"""
    25    388.2 MiB    364.6 MiB           1       embeddings = model.encode(texts, normalize_embeddings=True, convert_to_numpy=True)
    26    625.7 MiB    237.5 MiB           1       gc.collect()
    27    625.7 MiB      0.0 MiB           1       return embeddings


[TIMING] _generate_embeddings_batch - END (took 2.38s)

[TIMING] _generate_embeddings_batch - START
Filename: /Users/laurence/Documents/Cornell/CS5416/cs5416-final-project/exp3/01_embedding_service.py

Line #    Mem usage    Increment  Occurrences   Line Contents
=============================================================
    21     30.8 MiB     30.8 MiB           1   @profile_with_timing
    22                                         @profile
    23                                         def _generate_embeddings_batch(texts: list[str]) -> np.ndarray:
    24                                             """Step 2: Generate embeddings for a batch of queries"""
    25    383.5 MiB    352.7 MiB           1       embeddings = model.encode(texts, normalize_embeddings=True, convert_to_numpy=True)
    26    621.3 MiB    237.8 MiB           1       gc.collect()
    27    621.3 MiB      0.0 MiB           1       return embeddings


[TIMING] _generate_embeddings_batch - END (took 0.37s)

[TIMING] _generate_embeddings_batch - START
Filename: /Users/laurence/Documents/Cornell/CS5416/cs5416-final-project/exp3/01_embedding_service.py

Line #    Mem usage    Increment  Occurrences   Line Contents
=============================================================
    21     29.9 MiB     29.9 MiB           1   @profile_with_timing
    22                                         @profile
    23                                         def _generate_embeddings_batch(texts: list[str]) -> np.ndarray:
    24                                             """Step 2: Generate embeddings for a batch of queries"""
    25    381.7 MiB    351.9 MiB           1       embeddings = model.encode(texts, normalize_embeddings=True, convert_to_numpy=True)
    26    620.7 MiB    239.0 MiB           1       gc.collect()
    27    620.7 MiB      0.0 MiB           1       return embeddings


[TIMING] _generate_embeddings_batch - END (took 0.41s)
