============================================================
FAISS SEARCH SERVICE
============================================================
Node: 1
Port: 8007
============================================================
 * Serving Flask app '02_faiss_search_service'
 * Debug mode: off

[TIMING] _faiss_search_batch - START
Loading FAISS index
Filename: G:\cs5416-final-project\exp3\02_faiss_search_service.py

Line #    Mem usage    Increment  Occurrences   Line Contents
=============================================================
    21   2666.3 MiB   2666.3 MiB           1   @profile_with_timing
    22                                         @profile
    23                                         def _faiss_search_batch(query_embeddings: np.ndarray) -> list[list[int]]:
    24                                             """Step 3: Perform FAISS ANN search for a batch of embeddings"""
    25   2666.3 MiB      0.0 MiB           1       if not os.path.exists(CONFIG["faiss_index_path"]):
    26                                                 raise FileNotFoundError(
    27                                                     "FAISS index not found. Please create the index before running the pipeline."
    28                                                 )
    29   2666.3 MiB      0.0 MiB           1       print("Loading FAISS index", flush=True)
    30   2666.5 MiB      0.1 MiB           1       query_embeddings = query_embeddings.astype("float32")
    31   9413.4 MiB   6746.9 MiB           1       _, indices = index.search(query_embeddings, CONFIG["retrieval_k"])
    32   9413.8 MiB      0.4 MiB           2       return [row.tolist() for row in indices]


[TIMING] _faiss_search_batch - END (took 31.37s)

[TIMING] _faiss_search_batch - START
Loading FAISS index
Filename: G:\cs5416-final-project\exp3\02_faiss_search_service.py

Line #    Mem usage    Increment  Occurrences   Line Contents
=============================================================
    21     14.2 MiB     14.2 MiB           1   @profile_with_timing
    22                                         @profile
    23                                         def _faiss_search_batch(query_embeddings: np.ndarray) -> list[list[int]]:
    24                                             """Step 3: Perform FAISS ANN search for a batch of embeddings"""
    25     14.3 MiB      0.1 MiB           1       if not os.path.exists(CONFIG["faiss_index_path"]):
    26                                                 raise FileNotFoundError(
    27                                                     "FAISS index not found. Please create the index before running the pipeline."
    28                                                 )
    29     14.3 MiB      0.0 MiB           1       print("Loading FAISS index", flush=True)
    30     14.4 MiB      0.1 MiB           1       query_embeddings = query_embeddings.astype("float32")
    31  10119.6 MiB  10105.2 MiB           1       _, indices = index.search(query_embeddings, CONFIG["retrieval_k"])
    32  10120.0 MiB      0.4 MiB           2       return [row.tolist() for row in indices]


[TIMING] _faiss_search_batch - END (took 34.94s)
