[CONFIG] GPU not available, using CPU
============================================================
EMBEDDING SERVICE
============================================================
Node: 0
Port: 9001
Model: BAAI/bge-base-en-v1.5
Device: cpu
============================================================
 * Serving Flask app '01_embedding_service'
 * Debug mode: off

[TIMING] _generate_embeddings_batch - START
Filename: /home/rb972/cs5416-final-project/exp3/01_embedding_service.py

Line #    Mem usage    Increment  Occurrences   Line Contents
=============================================================
    21    800.5 MiB    800.5 MiB           1   @profile_with_timing
    22                                         @profile
    23                                         def _generate_embeddings_batch(texts: list[str]) -> np.ndarray:
    24                                             """Step 2: Generate embeddings for a batch of queries"""
    25   1131.1 MiB    330.6 MiB           1       embeddings = model.encode(texts, normalize_embeddings=True, convert_to_numpy=True)
    26   1131.1 MiB      0.0 MiB           1       gc.collect()
    27   1131.1 MiB      0.0 MiB           1       return embeddings


[TIMING] _generate_embeddings_batch - END (took 2.56s)

[TIMING] _generate_embeddings_batch - START
Filename: /home/rb972/cs5416-final-project/exp3/01_embedding_service.py

Line #    Mem usage    Increment  Occurrences   Line Contents
=============================================================
    21   1142.5 MiB   1142.5 MiB           1   @profile_with_timing
    22                                         @profile
    23                                         def _generate_embeddings_batch(texts: list[str]) -> np.ndarray:
    24                                             """Step 2: Generate embeddings for a batch of queries"""
    25   1146.8 MiB      4.3 MiB           1       embeddings = model.encode(texts, normalize_embeddings=True, convert_to_numpy=True)
    26   1146.8 MiB      0.0 MiB           1       gc.collect()
    27   1146.8 MiB      0.0 MiB           1       return embeddings


[TIMING] _generate_embeddings_batch - END (took 0.26s)

[TIMING] _generate_embeddings_batch - START
Filename: /home/rb972/cs5416-final-project/exp3/01_embedding_service.py

Line #    Mem usage    Increment  Occurrences   Line Contents
=============================================================
    21   1147.3 MiB   1147.3 MiB           1   @profile_with_timing
    22                                         @profile
    23                                         def _generate_embeddings_batch(texts: list[str]) -> np.ndarray:
    24                                             """Step 2: Generate embeddings for a batch of queries"""
    25   1147.8 MiB      0.5 MiB           1       embeddings = model.encode(texts, normalize_embeddings=True, convert_to_numpy=True)
    26   1147.8 MiB      0.0 MiB           1       gc.collect()
    27   1147.8 MiB      0.0 MiB           1       return embeddings


[TIMING] _generate_embeddings_batch - END (took 0.26s)
