[CONFIG] GPU not available, using CPU
============================================================
DOCUMENTS SERVICE (Fetch + Rerank)
============================================================
Node: 0
Port: 9003
DB: ../documents//documents.db
Reranker: BAAI/bge-reranker-base
Device: cpu
============================================================
 * Serving Flask app '03_documents_service'
 * Debug mode: off

[TIMING] _fetch_documents_batch - START
Filename: /home/rb972/cs5416-final-project/exp3/03_documents_service.py

Line #    Mem usage    Increment  Occurrences   Line Contents
=============================================================
    32   1062.3 MiB   1062.3 MiB           1   @profile_with_timing
    33                                         @profile
    34                                         def _fetch_documents_batch(doc_id_batches: list[list[int]]) -> list[list[dict]]:
    35                                             """Step 4: Fetch documents for each query in the batch using SQLite"""
    36   1062.3 MiB      0.0 MiB           1       conn = sqlite3.connect(db_path)
    37   1062.3 MiB      0.0 MiB           1       cursor = conn.cursor()
    38   1062.3 MiB      0.0 MiB           1       documents_batch = []
    39   1062.3 MiB      0.0 MiB           5       for doc_ids in doc_id_batches:
    40   1062.3 MiB      0.0 MiB           4           documents = []
    41   1062.3 MiB      0.0 MiB          44           for doc_id in doc_ids:
    42   1062.3 MiB      0.0 MiB          80               cursor.execute(
    43   1062.3 MiB      0.0 MiB          40                   "SELECT doc_id, title, content, category FROM documents WHERE doc_id = ?",
    44   1062.3 MiB      0.0 MiB          40                   (doc_id,),
    45                                                     )
    46   1062.3 MiB      0.0 MiB          40               result = cursor.fetchone()
    47   1062.3 MiB      0.0 MiB          40               if result:
    48   1062.3 MiB      0.0 MiB          80                   documents.append(
    49   1062.3 MiB      0.0 MiB          40                       {
    50   1062.3 MiB      0.0 MiB          40                           "doc_id": result[0],
    51   1062.3 MiB      0.0 MiB          40                           "title": result[1],
    52   1062.3 MiB      0.0 MiB          40                           "content": result[2],
    53   1062.3 MiB      0.0 MiB          40                           "category": result[3],
    54                                                             }
    55                                                         )
    56   1062.3 MiB      0.0 MiB           4           documents_batch.append(documents)
    57   1062.3 MiB      0.0 MiB           1       conn.close()
    58   1062.3 MiB      0.0 MiB           1       return documents_batch


[TIMING] _fetch_documents_batch - END (took 0.18s)

[TIMING] _rerank_documents_batch - START
Filename: /home/rb972/cs5416-final-project/exp3/03_documents_service.py

Line #    Mem usage    Increment  Occurrences   Line Contents
=============================================================
    61   1062.9 MiB   1062.9 MiB           1   @profile_with_timing
    62                                         @profile
    63                                         def _rerank_documents_batch(
    64                                             queries: list[str], documents_batch: list[list[dict]]
    65                                         ) -> list[list[dict]]:
    66                                             """Step 5: Rerank retrieved documents for each query in the batch"""
    67   1062.9 MiB      0.0 MiB           1       reranked_batches = []
    68   1430.1 MiB      0.0 MiB           5       for query, documents in zip(queries, documents_batch):
    69   1430.1 MiB      0.0 MiB           4           if not documents:
    70                                                     reranked_batches.append([])
    71                                                     continue
    72   1430.1 MiB      0.0 MiB          52           pairs = [[query, doc["content"]] for doc in documents]
    73   1430.1 MiB      0.0 MiB           8           with torch.no_grad():
    74   1430.1 MiB      0.0 MiB          12               inputs = tokenizer(
    75   1430.1 MiB      0.0 MiB           4                   pairs,
    76   1430.1 MiB      0.0 MiB           4                   padding=True,
    77   1430.1 MiB      0.0 MiB           4                   truncation=True,
    78   1430.1 MiB      0.0 MiB           4                   return_tensors="pt",
    79   1430.1 MiB      0.0 MiB           4                   max_length=CONFIG["truncate_length"],
    80   1430.1 MiB      0.0 MiB           4               ).to(DEVICE)
    81   1430.1 MiB      0.0 MiB           4               scores = (
    82   1430.1 MiB    367.2 MiB           4                   model(**inputs, return_dict=True)
    83   1430.1 MiB      0.0 MiB           8                   .logits.view(
    84   1430.1 MiB      0.0 MiB           4                       -1,
    85                                                         )
    86   1430.1 MiB      0.0 MiB           4                   .float()
    87                                                     )
    88   1430.1 MiB      0.0 MiB           4           doc_scores = list(zip(documents, scores))
    89   1430.1 MiB      0.0 MiB          84           doc_scores.sort(key=lambda x: x[1], reverse=True)
    90   1430.1 MiB      0.0 MiB          52           reranked_batches.append([doc for doc, _ in doc_scores])
    91   1430.1 MiB      0.0 MiB           1       return reranked_batches


[TIMING] _rerank_documents_batch - END (took 1.83s)

[TIMING] _fetch_documents_batch - START
Filename: /home/rb972/cs5416-final-project/exp3/03_documents_service.py

Line #    Mem usage    Increment  Occurrences   Line Contents
=============================================================
    32   1432.5 MiB   1432.5 MiB           1   @profile_with_timing
    33                                         @profile
    34                                         def _fetch_documents_batch(doc_id_batches: list[list[int]]) -> list[list[dict]]:
    35                                             """Step 4: Fetch documents for each query in the batch using SQLite"""
    36   1432.5 MiB      0.0 MiB           1       conn = sqlite3.connect(db_path)
    37   1432.5 MiB      0.0 MiB           1       cursor = conn.cursor()
    38   1432.5 MiB      0.0 MiB           1       documents_batch = []
    39   1432.5 MiB      0.0 MiB           5       for doc_ids in doc_id_batches:
    40   1432.5 MiB      0.0 MiB           4           documents = []
    41   1432.5 MiB      0.0 MiB          44           for doc_id in doc_ids:
    42   1432.5 MiB      0.0 MiB          80               cursor.execute(
    43   1432.5 MiB      0.0 MiB          40                   "SELECT doc_id, title, content, category FROM documents WHERE doc_id = ?",
    44   1432.5 MiB      0.0 MiB          40                   (doc_id,),
    45                                                     )
    46   1432.5 MiB      0.0 MiB          40               result = cursor.fetchone()
    47   1432.5 MiB      0.0 MiB          40               if result:
    48   1432.5 MiB      0.0 MiB          80                   documents.append(
    49   1432.5 MiB      0.0 MiB          40                       {
    50   1432.5 MiB      0.0 MiB          40                           "doc_id": result[0],
    51   1432.5 MiB      0.0 MiB          40                           "title": result[1],
    52   1432.5 MiB      0.0 MiB          40                           "content": result[2],
    53   1432.5 MiB      0.0 MiB          40                           "category": result[3],
    54                                                             }
    55                                                         )
    56   1432.5 MiB      0.0 MiB           4           documents_batch.append(documents)
    57   1432.5 MiB      0.0 MiB           1       conn.close()
    58   1432.5 MiB      0.0 MiB           1       return documents_batch


[TIMING] _fetch_documents_batch - END (took 0.15s)

[TIMING] _rerank_documents_batch - START
Filename: /home/rb972/cs5416-final-project/exp3/03_documents_service.py

Line #    Mem usage    Increment  Occurrences   Line Contents
=============================================================
    61   1432.5 MiB   1432.5 MiB           1   @profile_with_timing
    62                                         @profile
    63                                         def _rerank_documents_batch(
    64                                             queries: list[str], documents_batch: list[list[dict]]
    65                                         ) -> list[list[dict]]:
    66                                             """Step 5: Rerank retrieved documents for each query in the batch"""
    67   1432.5 MiB      0.0 MiB           1       reranked_batches = []
    68   1458.2 MiB      0.0 MiB           5       for query, documents in zip(queries, documents_batch):
    69   1458.2 MiB      0.0 MiB           4           if not documents:
    70                                                     reranked_batches.append([])
    71                                                     continue
    72   1458.2 MiB      0.0 MiB          52           pairs = [[query, doc["content"]] for doc in documents]
    73   1458.2 MiB      0.0 MiB           8           with torch.no_grad():
    74   1458.2 MiB      0.0 MiB          12               inputs = tokenizer(
    75   1458.2 MiB      0.0 MiB           4                   pairs,
    76   1458.2 MiB      0.0 MiB           4                   padding=True,
    77   1458.2 MiB      0.0 MiB           4                   truncation=True,
    78   1458.2 MiB      0.0 MiB           4                   return_tensors="pt",
    79   1458.2 MiB      0.0 MiB           4                   max_length=CONFIG["truncate_length"],
    80   1458.2 MiB      0.0 MiB           4               ).to(DEVICE)
    81   1458.2 MiB      0.0 MiB           4               scores = (
    82   1458.2 MiB     25.7 MiB           4                   model(**inputs, return_dict=True)
    83   1458.2 MiB      0.0 MiB           8                   .logits.view(
    84   1458.2 MiB      0.0 MiB           4                       -1,
    85                                                         )
    86   1458.2 MiB      0.0 MiB           4                   .float()
    87                                                     )
    88   1458.2 MiB      0.0 MiB           4           doc_scores = list(zip(documents, scores))
    89   1458.2 MiB      0.0 MiB          84           doc_scores.sort(key=lambda x: x[1], reverse=True)
    90   1458.2 MiB      0.0 MiB          52           reranked_batches.append([doc for doc, _ in doc_scores])
    91   1458.2 MiB      0.0 MiB           1       return reranked_batches


[TIMING] _rerank_documents_batch - END (took 2.09s)

[TIMING] _fetch_documents_batch - START
Filename: /home/rb972/cs5416-final-project/exp3/03_documents_service.py

Line #    Mem usage    Increment  Occurrences   Line Contents
=============================================================
    32   1459.6 MiB   1459.6 MiB           1   @profile_with_timing
    33                                         @profile
    34                                         def _fetch_documents_batch(doc_id_batches: list[list[int]]) -> list[list[dict]]:
    35                                             """Step 4: Fetch documents for each query in the batch using SQLite"""
    36   1459.6 MiB      0.0 MiB           1       conn = sqlite3.connect(db_path)
    37   1459.6 MiB      0.0 MiB           1       cursor = conn.cursor()
    38   1459.6 MiB      0.0 MiB           1       documents_batch = []
    39   1459.6 MiB      0.0 MiB           5       for doc_ids in doc_id_batches:
    40   1459.6 MiB      0.0 MiB           4           documents = []
    41   1459.6 MiB      0.0 MiB          44           for doc_id in doc_ids:
    42   1459.6 MiB      0.0 MiB          80               cursor.execute(
    43   1459.6 MiB      0.0 MiB          40                   "SELECT doc_id, title, content, category FROM documents WHERE doc_id = ?",
    44   1459.6 MiB      0.0 MiB          40                   (doc_id,),
    45                                                     )
    46   1459.6 MiB      0.0 MiB          40               result = cursor.fetchone()
    47   1459.6 MiB      0.0 MiB          40               if result:
    48   1459.6 MiB      0.0 MiB          80                   documents.append(
    49   1459.6 MiB      0.0 MiB          40                       {
    50   1459.6 MiB      0.0 MiB          40                           "doc_id": result[0],
    51   1459.6 MiB      0.0 MiB          40                           "title": result[1],
    52   1459.6 MiB      0.0 MiB          40                           "content": result[2],
    53   1459.6 MiB      0.0 MiB          40                           "category": result[3],
    54                                                             }
    55                                                         )
    56   1459.6 MiB      0.0 MiB           4           documents_batch.append(documents)
    57   1459.6 MiB      0.0 MiB           1       conn.close()
    58   1459.6 MiB      0.0 MiB           1       return documents_batch


[TIMING] _fetch_documents_batch - END (took 0.14s)

[TIMING] _rerank_documents_batch - START
Filename: /home/rb972/cs5416-final-project/exp3/03_documents_service.py

Line #    Mem usage    Increment  Occurrences   Line Contents
=============================================================
    61   1459.6 MiB   1459.6 MiB           1   @profile_with_timing
    62                                         @profile
    63                                         def _rerank_documents_batch(
    64                                             queries: list[str], documents_batch: list[list[dict]]
    65                                         ) -> list[list[dict]]:
    66                                             """Step 5: Rerank retrieved documents for each query in the batch"""
    67   1459.6 MiB      0.0 MiB           1       reranked_batches = []
    68   1461.2 MiB      0.0 MiB           5       for query, documents in zip(queries, documents_batch):
    69   1461.2 MiB      0.0 MiB           4           if not documents:
    70                                                     reranked_batches.append([])
    71                                                     continue
    72   1461.2 MiB      0.0 MiB          52           pairs = [[query, doc["content"]] for doc in documents]
    73   1461.2 MiB      0.0 MiB           8           with torch.no_grad():
    74   1461.2 MiB      0.0 MiB          12               inputs = tokenizer(
    75   1461.2 MiB      0.0 MiB           4                   pairs,
    76   1461.2 MiB      0.0 MiB           4                   padding=True,
    77   1461.2 MiB      0.0 MiB           4                   truncation=True,
    78   1461.2 MiB      0.0 MiB           4                   return_tensors="pt",
    79   1461.2 MiB      0.0 MiB           4                   max_length=CONFIG["truncate_length"],
    80   1461.2 MiB      0.0 MiB           4               ).to(DEVICE)
    81   1461.2 MiB      0.0 MiB           4               scores = (
    82   1461.2 MiB      1.5 MiB           4                   model(**inputs, return_dict=True)
    83   1461.2 MiB      0.0 MiB           8                   .logits.view(
    84   1461.2 MiB      0.0 MiB           4                       -1,
    85                                                         )
    86   1461.2 MiB      0.0 MiB           4                   .float()
    87                                                     )
    88   1461.2 MiB      0.0 MiB           4           doc_scores = list(zip(documents, scores))
    89   1461.2 MiB      0.0 MiB          84           doc_scores.sort(key=lambda x: x[1], reverse=True)
    90   1461.2 MiB      0.0 MiB          52           reranked_batches.append([doc for doc, _ in doc_scores])
    91   1461.2 MiB      0.0 MiB           1       return reranked_batches


[TIMING] _rerank_documents_batch - END (took 1.83s)
