[CONFIG] GPU not available, using CPU
============================================================
SENTIMENT & SAFETY SERVICE
============================================================
Node: 0
Port: 9005
Sentiment Model: nlptown/bert-base-multilingual-uncased-sentiment
Safety Model: unitary/toxic-bert
Device: cpu
============================================================
 * Serving Flask app '05_sentiment_and_safety_service'
 * Debug mode: off

[TIMING] _analyze_sentiment_batch - START
Filename: /home/rb972/cs5416-final-project/exp3/05_sentiment_and_safety_service.py

Line #    Mem usage    Increment  Occurrences   Line Contents
=============================================================
    26    826.0 MiB    826.0 MiB           1   @profile_with_timing
    27                                         @profile
    28                                         def _analyze_sentiment_batch(texts: list[str]) -> list[str]:
    29                                             """Step 7: Analyze sentiment for each generated response"""
    30    826.0 MiB      0.0 MiB           7       truncated_texts = [text[: CONFIG["truncate_length"]] for text in texts]
    31   1173.8 MiB    347.7 MiB           1       raw_results = sentiment_classifier(truncated_texts)
    32   1173.8 MiB      0.0 MiB           1       sentiment_map = {
    33   1173.8 MiB      0.0 MiB           1           "1 star": "very negative",
    34   1173.8 MiB      0.0 MiB           1           "2 stars": "negative",
    35   1173.8 MiB      0.0 MiB           1           "3 stars": "neutral",
    36   1173.8 MiB      0.0 MiB           1           "4 stars": "positive",
    37   1173.8 MiB      0.0 MiB           1           "5 stars": "very positive",
    38                                             }
    39   1173.8 MiB      0.0 MiB           1       sentiments = []
    40   1173.8 MiB      0.0 MiB           5       for result in raw_results:
    41   1173.8 MiB      0.0 MiB           4           sentiments.append(sentiment_map.get(result["label"], "neutral"))
    42   1173.8 MiB      0.0 MiB           1       return sentiments


[TIMING] _analyze_sentiment_batch - END (took 0.58s)

[TIMING] _filter_response_safety_batch - START
Filename: /home/rb972/cs5416-final-project/exp3/05_sentiment_and_safety_service.py

Line #    Mem usage    Increment  Occurrences   Line Contents
=============================================================
    45   1173.8 MiB   1173.8 MiB           1   @profile_with_timing
    46                                         @profile
    47                                         def _filter_response_safety_batch(texts: list[str]) -> list[bool]:
    48                                             """Step 8: Filter responses for safety for each entry in the batch"""
    49   1173.8 MiB      0.0 MiB           7       truncated_texts = [text[: CONFIG["truncate_length"]] for text in texts]
    50   1499.2 MiB    325.5 MiB           1       raw_results = safety_classifier(truncated_texts)
    51   1499.2 MiB      0.0 MiB           1       toxicity_flags = []
    52   1499.2 MiB      0.0 MiB           5       for result in raw_results:
    53   1499.2 MiB      0.0 MiB           4           toxicity_flags.append(result["score"] > 0.5)
    54   1499.2 MiB      0.0 MiB           1       return toxicity_flags


[TIMING] _filter_response_safety_batch - END (took 0.61s)

[TIMING] _analyze_sentiment_batch - START
Filename: /home/rb972/cs5416-final-project/exp3/05_sentiment_and_safety_service.py

Line #    Mem usage    Increment  Occurrences   Line Contents
=============================================================
    26   1503.6 MiB   1503.6 MiB           1   @profile_with_timing
    27                                         @profile
    28                                         def _analyze_sentiment_batch(texts: list[str]) -> list[str]:
    29                                             """Step 7: Analyze sentiment for each generated response"""
    30   1503.6 MiB      0.0 MiB           7       truncated_texts = [text[: CONFIG["truncate_length"]] for text in texts]
    31   1505.7 MiB      2.2 MiB           1       raw_results = sentiment_classifier(truncated_texts)
    32   1505.7 MiB      0.0 MiB           1       sentiment_map = {
    33   1505.7 MiB      0.0 MiB           1           "1 star": "very negative",
    34   1505.7 MiB      0.0 MiB           1           "2 stars": "negative",
    35   1505.7 MiB      0.0 MiB           1           "3 stars": "neutral",
    36   1505.7 MiB      0.0 MiB           1           "4 stars": "positive",
    37   1505.7 MiB      0.0 MiB           1           "5 stars": "very positive",
    38                                             }
    39   1505.7 MiB      0.0 MiB           1       sentiments = []
    40   1505.7 MiB      0.0 MiB           5       for result in raw_results:
    41   1505.7 MiB      0.0 MiB           4           sentiments.append(sentiment_map.get(result["label"], "neutral"))
    42   1505.7 MiB      0.0 MiB           1       return sentiments


[TIMING] _analyze_sentiment_batch - END (took 0.64s)

[TIMING] _filter_response_safety_batch - START
Filename: /home/rb972/cs5416-final-project/exp3/05_sentiment_and_safety_service.py

Line #    Mem usage    Increment  Occurrences   Line Contents
=============================================================
    45   1505.7 MiB   1505.7 MiB           1   @profile_with_timing
    46                                         @profile
    47                                         def _filter_response_safety_batch(texts: list[str]) -> list[bool]:
    48                                             """Step 8: Filter responses for safety for each entry in the batch"""
    49   1505.7 MiB      0.0 MiB           7       truncated_texts = [text[: CONFIG["truncate_length"]] for text in texts]
    50   1505.7 MiB      0.0 MiB           1       raw_results = safety_classifier(truncated_texts)
    51   1505.7 MiB      0.0 MiB           1       toxicity_flags = []
    52   1505.7 MiB      0.0 MiB           5       for result in raw_results:
    53   1505.7 MiB      0.0 MiB           4           toxicity_flags.append(result["score"] > 0.5)
    54   1505.7 MiB      0.0 MiB           1       return toxicity_flags


[TIMING] _filter_response_safety_batch - END (took 0.53s)

[TIMING] _analyze_sentiment_batch - START
Filename: /home/rb972/cs5416-final-project/exp3/05_sentiment_and_safety_service.py

Line #    Mem usage    Increment  Occurrences   Line Contents
=============================================================
    26   1510.4 MiB   1510.4 MiB           1   @profile_with_timing
    27                                         @profile
    28                                         def _analyze_sentiment_batch(texts: list[str]) -> list[str]:
    29                                             """Step 7: Analyze sentiment for each generated response"""
    30   1510.4 MiB      0.0 MiB           7       truncated_texts = [text[: CONFIG["truncate_length"]] for text in texts]
    31   1510.9 MiB      0.5 MiB           1       raw_results = sentiment_classifier(truncated_texts)
    32   1510.9 MiB      0.0 MiB           1       sentiment_map = {
    33   1510.9 MiB      0.0 MiB           1           "1 star": "very negative",
    34   1510.9 MiB      0.0 MiB           1           "2 stars": "negative",
    35   1510.9 MiB      0.0 MiB           1           "3 stars": "neutral",
    36   1510.9 MiB      0.0 MiB           1           "4 stars": "positive",
    37   1510.9 MiB      0.0 MiB           1           "5 stars": "very positive",
    38                                             }
    39   1510.9 MiB      0.0 MiB           1       sentiments = []
    40   1510.9 MiB      0.0 MiB           5       for result in raw_results:
    41   1510.9 MiB      0.0 MiB           4           sentiments.append(sentiment_map.get(result["label"], "neutral"))
    42   1510.9 MiB      0.0 MiB           1       return sentiments


[TIMING] _analyze_sentiment_batch - END (took 0.37s)

[TIMING] _filter_response_safety_batch - START
Filename: /home/rb972/cs5416-final-project/exp3/05_sentiment_and_safety_service.py

Line #    Mem usage    Increment  Occurrences   Line Contents
=============================================================
    45   1510.9 MiB   1510.9 MiB           1   @profile_with_timing
    46                                         @profile
    47                                         def _filter_response_safety_batch(texts: list[str]) -> list[bool]:
    48                                             """Step 8: Filter responses for safety for each entry in the batch"""
    49   1510.9 MiB      0.0 MiB           7       truncated_texts = [text[: CONFIG["truncate_length"]] for text in texts]
    50   1510.9 MiB      0.0 MiB           1       raw_results = safety_classifier(truncated_texts)
    51   1510.9 MiB      0.0 MiB           1       toxicity_flags = []
    52   1510.9 MiB      0.0 MiB           5       for result in raw_results:
    53   1510.9 MiB      0.0 MiB           4           toxicity_flags.append(result["score"] > 0.5)
    54   1510.9 MiB      0.0 MiB           1       return toxicity_flags


[TIMING] _filter_response_safety_batch - END (took 0.41s)
