[CONFIG] GPU not available, using CPU
============================================================
EMBEDDING SERVICE
============================================================
Node: 0
Port: 9002
Model: BAAI/bge-base-en-v1.5
Device: cpu
============================================================
 * Serving Flask app '01_embedding_service'
 * Debug mode: off

[TIMING] _generate_embeddings_batch - START
Filename: /home/rb972/cs5416-final-project/exp3/01_embedding_service.py

Line #    Mem usage    Increment  Occurrences   Line Contents
=============================================================
    21    803.1 MiB    803.1 MiB           1   @profile_with_timing
    22                                         @profile
    23                                         def _generate_embeddings_batch(texts: list[str]) -> np.ndarray:
    24                                             """Step 2: Generate embeddings for a batch of queries"""
    25   1136.0 MiB    332.9 MiB           1       embeddings = model.encode(texts, normalize_embeddings=True, convert_to_numpy=True)
    26   1136.0 MiB      0.0 MiB           1       gc.collect()
    27   1136.0 MiB      0.0 MiB           1       return embeddings


[TIMING] _generate_embeddings_batch - END (took 2.66s)
