[CONFIG] GPU not available, using CPU
============================================================
SENTIMENT & SAFETY SERVICE
============================================================
Node: 0
Port: 9006
Sentiment Model: nlptown/bert-base-multilingual-uncased-sentiment
Safety Model: unitary/toxic-bert
Device: cpu
============================================================
 * Serving Flask app '05_sentiment_and_safety_service'
 * Debug mode: off

[TIMING] _analyze_sentiment_batch - START
Filename: /home/rb972/cs5416-final-project/exp3/05_sentiment_and_safety_service.py

Line #    Mem usage    Increment  Occurrences   Line Contents
=============================================================
    26    821.4 MiB    821.4 MiB           1   @profile_with_timing
    27                                         @profile
    28                                         def _analyze_sentiment_batch(texts: list[str]) -> list[str]:
    29                                             """Step 7: Analyze sentiment for each generated response"""
    30    821.4 MiB      0.0 MiB          11       truncated_texts = [text[: CONFIG["truncate_length"]] for text in texts]
    31   1161.3 MiB    339.9 MiB           1       raw_results = sentiment_classifier(truncated_texts)
    32   1161.3 MiB      0.0 MiB           1       sentiment_map = {
    33   1161.3 MiB      0.0 MiB           1           "1 star": "very negative",
    34   1161.3 MiB      0.0 MiB           1           "2 stars": "negative",
    35   1161.3 MiB      0.0 MiB           1           "3 stars": "neutral",
    36   1161.3 MiB      0.0 MiB           1           "4 stars": "positive",
    37   1161.3 MiB      0.0 MiB           1           "5 stars": "very positive",
    38                                             }
    39   1161.3 MiB      0.0 MiB           1       sentiments = []
    40   1161.3 MiB      0.0 MiB           9       for result in raw_results:
    41   1161.3 MiB      0.0 MiB           8           sentiments.append(sentiment_map.get(result["label"], "neutral"))
    42   1161.3 MiB      0.0 MiB           1       return sentiments


[TIMING] _analyze_sentiment_batch - END (took 5.46s)

[TIMING] _filter_response_safety_batch - START
Filename: /home/rb972/cs5416-final-project/exp3/05_sentiment_and_safety_service.py

Line #    Mem usage    Increment  Occurrences   Line Contents
=============================================================
    45   1161.3 MiB   1161.3 MiB           1   @profile_with_timing
    46                                         @profile
    47                                         def _filter_response_safety_batch(texts: list[str]) -> list[bool]:
    48                                             """Step 8: Filter responses for safety for each entry in the batch"""
    49   1161.3 MiB      0.0 MiB          11       truncated_texts = [text[: CONFIG["truncate_length"]] for text in texts]
    50   1490.9 MiB    329.6 MiB           1       raw_results = safety_classifier(truncated_texts)
    51   1490.9 MiB      0.0 MiB           1       toxicity_flags = []
    52   1490.9 MiB      0.0 MiB           9       for result in raw_results:
    53   1490.9 MiB      0.0 MiB           8           toxicity_flags.append(result["score"] > 0.5)
    54   1490.9 MiB      0.0 MiB           1       return toxicity_flags


[TIMING] _filter_response_safety_batch - END (took 5.81s)
