[CONFIG] GPU not available, using CPU
============================================================
EMBEDDING SERVICE
============================================================
Node: 0
Port: 9001
Model: BAAI/bge-base-en-v1.5
Device: cpu
============================================================
 * Serving Flask app '01_embedding_service'
 * Debug mode: off

[TIMING] _generate_embeddings_batch - START
Filename: /home/rb972/cs5416-final-project/exp3/01_embedding_service.py

Line #    Mem usage    Increment  Occurrences   Line Contents
=============================================================
    21    802.4 MiB    802.4 MiB           1   @profile_with_timing
    22                                         @profile
    23                                         def _generate_embeddings_batch(texts: list[str]) -> np.ndarray:
    24                                             """Step 2: Generate embeddings for a batch of queries"""
    25   1138.1 MiB    335.8 MiB           1       embeddings = model.encode(texts, normalize_embeddings=True, convert_to_numpy=True)
    26   1138.1 MiB      0.0 MiB           1       gc.collect()
    27   1138.1 MiB      0.0 MiB           1       return embeddings


[TIMING] _generate_embeddings_batch - END (took 2.67s)

[TIMING] _generate_embeddings_batch - START
Filename: /home/rb972/cs5416-final-project/exp3/01_embedding_service.py

Line #    Mem usage    Increment  Occurrences   Line Contents
=============================================================
    21   1148.5 MiB   1148.5 MiB           1   @profile_with_timing
    22                                         @profile
    23                                         def _generate_embeddings_batch(texts: list[str]) -> np.ndarray:
    24                                             """Step 2: Generate embeddings for a batch of queries"""
    25   1152.8 MiB      4.4 MiB           1       embeddings = model.encode(texts, normalize_embeddings=True, convert_to_numpy=True)
    26   1152.8 MiB      0.0 MiB           1       gc.collect()
    27   1152.8 MiB      0.0 MiB           1       return embeddings


[TIMING] _generate_embeddings_batch - END (took 0.27s)
