[CONFIG] GPU not available, using CPU
============================================================
DOCUMENTS SERVICE (Fetch + Rerank)
============================================================
Node: 0
Port: 9004
DB: ../documents//documents.db
Reranker: BAAI/bge-reranker-base
Device: cpu
============================================================
 * Serving Flask app '03_documents_service'
 * Debug mode: off

[TIMING] _fetch_documents_batch - START
Filename: /home/rb972/cs5416-final-project/exp3/03_documents_service.py

Line #    Mem usage    Increment  Occurrences   Line Contents
=============================================================
    32   1063.9 MiB   1063.9 MiB           1   @profile_with_timing
    33                                         @profile
    34                                         def _fetch_documents_batch(doc_id_batches: list[list[int]]) -> list[list[dict]]:
    35                                             """Step 4: Fetch documents for each query in the batch using SQLite"""
    36   1063.9 MiB      0.0 MiB           1       conn = sqlite3.connect(db_path)
    37   1063.9 MiB      0.0 MiB           1       cursor = conn.cursor()
    38   1063.9 MiB      0.0 MiB           1       documents_batch = []
    39   1063.9 MiB      0.0 MiB           5       for doc_ids in doc_id_batches:
    40   1063.9 MiB      0.0 MiB           4           documents = []
    41   1063.9 MiB      0.0 MiB          44           for doc_id in doc_ids:
    42   1063.9 MiB      0.0 MiB          80               cursor.execute(
    43   1063.9 MiB      0.0 MiB          40                   "SELECT doc_id, title, content, category FROM documents WHERE doc_id = ?",
    44   1063.9 MiB      0.0 MiB          40                   (doc_id,),
    45                                                     )
    46   1063.9 MiB      0.0 MiB          40               result = cursor.fetchone()
    47   1063.9 MiB      0.0 MiB          40               if result:
    48   1063.9 MiB      0.0 MiB          80                   documents.append(
    49   1063.9 MiB      0.0 MiB          40                       {
    50   1063.9 MiB      0.0 MiB          40                           "doc_id": result[0],
    51   1063.9 MiB      0.0 MiB          40                           "title": result[1],
    52   1063.9 MiB      0.0 MiB          40                           "content": result[2],
    53   1063.9 MiB      0.0 MiB          40                           "category": result[3],
    54                                                             }
    55                                                         )
    56   1063.9 MiB      0.0 MiB           4           documents_batch.append(documents)
    57   1063.9 MiB      0.0 MiB           1       conn.close()
    58   1063.9 MiB      0.0 MiB           1       return documents_batch


[TIMING] _fetch_documents_batch - END (took 0.16s)

[TIMING] _rerank_documents_batch - START

[TIMING] _fetch_documents_batch - START
Filename: /home/rb972/cs5416-final-project/exp3/03_documents_service.py

Line #    Mem usage    Increment  Occurrences   Line Contents
=============================================================
    32   1161.7 MiB   1161.7 MiB           1   @profile_with_timing
    33                                         @profile
    34                                         def _fetch_documents_batch(doc_id_batches: list[list[int]]) -> list[list[dict]]:
    35                                             """Step 4: Fetch documents for each query in the batch using SQLite"""
    36   1161.7 MiB      0.0 MiB           1       conn = sqlite3.connect(db_path)
    37   1161.7 MiB      0.0 MiB           1       cursor = conn.cursor()
    38   1161.7 MiB      0.0 MiB           1       documents_batch = []
    39   1176.7 MiB      0.0 MiB           5       for doc_ids in doc_id_batches:
    40   1176.7 MiB      0.0 MiB           4           documents = []
    41   1176.7 MiB      0.0 MiB          44           for doc_id in doc_ids:
    42   1176.7 MiB     15.1 MiB          80               cursor.execute(
    43   1176.7 MiB      0.0 MiB          40                   "SELECT doc_id, title, content, category FROM documents WHERE doc_id = ?",
    44   1176.7 MiB      0.0 MiB          40                   (doc_id,),
    45                                                     )
    46   1176.7 MiB      0.0 MiB          40               result = cursor.fetchone()
    47   1176.7 MiB      0.0 MiB          40               if result:
    48   1176.7 MiB      0.0 MiB          80                   documents.append(
    49   1176.7 MiB      0.0 MiB          40                       {
    50   1176.7 MiB      0.0 MiB          40                           "doc_id": result[0],
    51   1176.7 MiB      0.0 MiB          40                           "title": result[1],
    52   1176.7 MiB      0.0 MiB          40                           "content": result[2],
    53   1176.7 MiB      0.0 MiB          40                           "category": result[3],
    54                                                             }
    55                                                         )
    56   1176.7 MiB      0.0 MiB           4           documents_batch.append(documents)
    57   1176.7 MiB      0.0 MiB           1       conn.close()
    58   1176.7 MiB      0.0 MiB           1       return documents_batch


[TIMING] _fetch_documents_batch - END (took 0.17s)

[TIMING] _rerank_documents_batch - START
Filename: /home/rb972/cs5416-final-project/exp3/03_documents_service.py

Line #    Mem usage    Increment  Occurrences   Line Contents
=============================================================
    61   1176.7 MiB   1176.7 MiB           1   @profile_with_timing
    62                                         @profile
    63                                         def _rerank_documents_batch(
    64                                             queries: list[str], documents_batch: list[list[dict]]
    65                                         ) -> list[list[dict]]:
    66                                             """Step 5: Rerank retrieved documents for each query in the batch"""
    67   1176.7 MiB      0.0 MiB           1       reranked_batches = []
    68   1463.9 MiB      0.0 MiB           5       for query, documents in zip(queries, documents_batch):
    69   1460.3 MiB      0.0 MiB           4           if not documents:
    70                                                     reranked_batches.append([])
    71                                                     continue
    72   1460.3 MiB      0.0 MiB          52           pairs = [[query, doc["content"]] for doc in documents]
    73   1463.9 MiB      0.0 MiB           8           with torch.no_grad():
    74   1460.3 MiB      0.0 MiB          12               inputs = tokenizer(
    75   1460.3 MiB      0.0 MiB           4                   pairs,
    76   1460.3 MiB      0.0 MiB           4                   padding=True,
    77   1460.3 MiB      0.0 MiB           4                   truncation=True,
    78   1460.3 MiB      0.0 MiB           4                   return_tensors="pt",
    79   1460.3 MiB      0.0 MiB           4                   max_length=CONFIG["truncate_length"],
    80   1460.3 MiB      0.0 MiB           4               ).to(DEVICE)
    81   1463.9 MiB      0.0 MiB           4               scores = (
    82   1463.9 MiB    287.2 MiB           4                   model(**inputs, return_dict=True)
    83   1463.9 MiB      0.0 MiB           8                   .logits.view(
    84   1463.9 MiB      0.0 MiB           4                       -1,
    85                                                         )
    86   1463.9 MiB      0.0 MiB           4                   .float()
    87                                                     )
    88   1463.9 MiB      0.0 MiB           4           doc_scores = list(zip(documents, scores))
    89   1463.9 MiB      0.0 MiB          84           doc_scores.sort(key=lambda x: x[1], reverse=True)
    90   1463.9 MiB      0.0 MiB          52           reranked_batches.append([doc for doc, _ in doc_scores])
    91   1463.9 MiB      0.0 MiB           1       return reranked_batches


[TIMING] _rerank_documents_batch - END (took 6.78s)
Filename: /home/rb972/cs5416-final-project/exp3/03_documents_service.py

Line #    Mem usage    Increment  Occurrences   Line Contents
=============================================================
    61   1063.9 MiB   1063.9 MiB           1   @profile_with_timing
    62                                         @profile
    63                                         def _rerank_documents_batch(
    64                                             queries: list[str], documents_batch: list[list[dict]]
    65                                         ) -> list[list[dict]]:
    66                                             """Step 5: Rerank retrieved documents for each query in the batch"""
    67   1063.9 MiB      0.0 MiB           1       reranked_batches = []
    68   1465.1 MiB      0.0 MiB           5       for query, documents in zip(queries, documents_batch):
    69   1460.3 MiB      0.0 MiB           4           if not documents:
    70                                                     reranked_batches.append([])
    71                                                     continue
    72   1460.3 MiB      0.0 MiB          52           pairs = [[query, doc["content"]] for doc in documents]
    73   1465.1 MiB      0.0 MiB           8           with torch.no_grad():
    74   1460.3 MiB      0.6 MiB          12               inputs = tokenizer(
    75   1460.3 MiB      0.0 MiB           4                   pairs,
    76   1460.3 MiB      0.0 MiB           4                   padding=True,
    77   1460.3 MiB      0.0 MiB           4                   truncation=True,
    78   1460.3 MiB      0.0 MiB           4                   return_tensors="pt",
    79   1460.3 MiB      0.0 MiB           4                   max_length=CONFIG["truncate_length"],
    80   1460.3 MiB      0.0 MiB           4               ).to(DEVICE)
    81   1465.1 MiB      0.0 MiB           4               scores = (
    82   1465.1 MiB    400.5 MiB           4                   model(**inputs, return_dict=True)
    83   1465.1 MiB      0.0 MiB           8                   .logits.view(
    84   1465.1 MiB      0.0 MiB           4                       -1,
    85                                                         )
    86   1465.1 MiB      0.0 MiB           4                   .float()
    87                                                     )
    88   1465.1 MiB      0.0 MiB           4           doc_scores = list(zip(documents, scores))
    89   1465.1 MiB      0.0 MiB          84           doc_scores.sort(key=lambda x: x[1], reverse=True)
    90   1465.1 MiB      0.0 MiB          52           reranked_batches.append([doc for doc, _ in doc_scores])
    91   1465.1 MiB      0.0 MiB           1       return reranked_batches


[TIMING] _rerank_documents_batch - END (took 7.73s)
