[CONFIG] GPU not available, using CPU
============================================================
SENTIMENT & SAFETY SERVICE
============================================================
Node: 0
Port: 9005
Sentiment Model: nlptown/bert-base-multilingual-uncased-sentiment
Safety Model: unitary/toxic-bert
Device: cpu
============================================================
 * Serving Flask app '05_sentiment_and_safety_service'
 * Debug mode: off

[TIMING] _analyze_sentiment_batch - START
Filename: /home/rb972/cs5416-final-project/exp3/05_sentiment_and_safety_service.py

Line #    Mem usage    Increment  Occurrences   Line Contents
=============================================================
    26    827.0 MiB    827.0 MiB           1   @profile_with_timing
    27                                         @profile
    28                                         def _analyze_sentiment_batch(texts: list[str]) -> list[str]:
    29                                             """Step 7: Analyze sentiment for each generated response"""
    30    827.0 MiB      0.0 MiB           8       truncated_texts = [text[: CONFIG["truncate_length"]] for text in texts]
    31   1166.2 MiB    339.2 MiB           1       raw_results = sentiment_classifier(truncated_texts)
    32   1166.2 MiB      0.0 MiB           1       sentiment_map = {
    33   1166.2 MiB      0.0 MiB           1           "1 star": "very negative",
    34   1166.2 MiB      0.0 MiB           1           "2 stars": "negative",
    35   1166.2 MiB      0.0 MiB           1           "3 stars": "neutral",
    36   1166.2 MiB      0.0 MiB           1           "4 stars": "positive",
    37   1166.2 MiB      0.0 MiB           1           "5 stars": "very positive",
    38                                             }
    39   1166.2 MiB      0.0 MiB           1       sentiments = []
    40   1166.2 MiB      0.0 MiB           6       for result in raw_results:
    41   1166.2 MiB      0.0 MiB           5           sentiments.append(sentiment_map.get(result["label"], "neutral"))
    42   1166.2 MiB      0.0 MiB           1       return sentiments


[TIMING] _analyze_sentiment_batch - END (took 8.44s)

[TIMING] _filter_response_safety_batch - START
Filename: /home/rb972/cs5416-final-project/exp3/05_sentiment_and_safety_service.py

Line #    Mem usage    Increment  Occurrences   Line Contents
=============================================================
    45   1166.2 MiB   1166.2 MiB           1   @profile_with_timing
    46                                         @profile
    47                                         def _filter_response_safety_batch(texts: list[str]) -> list[bool]:
    48                                             """Step 8: Filter responses for safety for each entry in the batch"""
    49   1166.2 MiB      0.0 MiB           8       truncated_texts = [text[: CONFIG["truncate_length"]] for text in texts]
    50   1481.2 MiB    315.0 MiB           1       raw_results = safety_classifier(truncated_texts)
    51   1481.2 MiB      0.0 MiB           1       toxicity_flags = []
    52   1481.2 MiB      0.0 MiB           6       for result in raw_results:
    53   1481.2 MiB      0.0 MiB           5           toxicity_flags.append(result["score"] > 0.5)
    54   1481.2 MiB      0.0 MiB           1       return toxicity_flags


[TIMING] _filter_response_safety_batch - END (took 12.72s)

[TIMING] _analyze_sentiment_batch - START
Filename: /home/rb972/cs5416-final-project/exp3/05_sentiment_and_safety_service.py

Line #    Mem usage    Increment  Occurrences   Line Contents
=============================================================
    26   1493.3 MiB   1493.3 MiB           1   @profile_with_timing
    27                                         @profile
    28                                         def _analyze_sentiment_batch(texts: list[str]) -> list[str]:
    29                                             """Step 7: Analyze sentiment for each generated response"""
    30   1493.3 MiB      0.0 MiB           8       truncated_texts = [text[: CONFIG["truncate_length"]] for text in texts]
    31   1502.3 MiB      9.0 MiB           1       raw_results = sentiment_classifier(truncated_texts)
    32   1502.3 MiB      0.0 MiB           1       sentiment_map = {
    33   1502.3 MiB      0.0 MiB           1           "1 star": "very negative",
    34   1502.3 MiB      0.0 MiB           1           "2 stars": "negative",
    35   1502.3 MiB      0.0 MiB           1           "3 stars": "neutral",
    36   1502.3 MiB      0.0 MiB           1           "4 stars": "positive",
    37   1502.3 MiB      0.0 MiB           1           "5 stars": "very positive",
    38                                             }
    39   1502.3 MiB      0.0 MiB           1       sentiments = []
    40   1502.3 MiB      0.0 MiB           6       for result in raw_results:
    41   1502.3 MiB      0.0 MiB           5           sentiments.append(sentiment_map.get(result["label"], "neutral"))
    42   1502.3 MiB      0.0 MiB           1       return sentiments


[TIMING] _analyze_sentiment_batch - END (took 11.08s)

[TIMING] _filter_response_safety_batch - START
Filename: /home/rb972/cs5416-final-project/exp3/05_sentiment_and_safety_service.py

Line #    Mem usage    Increment  Occurrences   Line Contents
=============================================================
    45   1502.3 MiB   1502.3 MiB           1   @profile_with_timing
    46                                         @profile
    47                                         def _filter_response_safety_batch(texts: list[str]) -> list[bool]:
    48                                             """Step 8: Filter responses for safety for each entry in the batch"""
    49   1502.3 MiB      0.0 MiB           8       truncated_texts = [text[: CONFIG["truncate_length"]] for text in texts]
    50   1502.9 MiB      0.7 MiB           1       raw_results = safety_classifier(truncated_texts)
    51   1502.9 MiB      0.0 MiB           1       toxicity_flags = []
    52   1502.9 MiB      0.0 MiB           6       for result in raw_results:
    53   1502.9 MiB      0.0 MiB           5           toxicity_flags.append(result["score"] > 0.5)
    54   1502.9 MiB      0.0 MiB           1       return toxicity_flags


[TIMING] _filter_response_safety_batch - END (took 15.27s)
