[CONFIG] GPU not available, using CPU
============================================================
EMBEDDING SERVICE
============================================================
Node: 0
Port: 9001
Model: BAAI/bge-base-en-v1.5
Device: cpu
============================================================
 * Serving Flask app '01_embedding_service'
 * Debug mode: off

[TIMING] _generate_embeddings_batch - START

[TIMING] _generate_embeddings_batch - START

[TIMING] _generate_embeddings_batch - START

[TIMING] _generate_embeddings_batch - START
Filename: /home/rb972/cs5416-final-project/exp3/01_embedding_service.py

Line #    Mem usage    Increment  Occurrences   Line Contents
=============================================================
    21    801.4 MiB    801.4 MiB           1   @profile_with_timing
    22                                         @profile
    23                                         def _generate_embeddings_batch(texts: list[str]) -> np.ndarray:
    24                                             """Step 2: Generate embeddings for a batch of queries"""
    25   1156.0 MiB    354.5 MiB           1       embeddings = model.encode(texts, normalize_embeddings=True, convert_to_numpy=True)
    26   1156.0 MiB      0.0 MiB           1       gc.collect()
    27   1156.0 MiB      0.0 MiB           1       return embeddings


[TIMING] _generate_embeddings_batch - END (took 1.35s)
Filename: /home/rb972/cs5416-final-project/exp3/01_embedding_service.py

Line #    Mem usage    Increment  Occurrences   Line Contents
=============================================================
    21    813.8 MiB    813.8 MiB           1   @profile_with_timing
    22                                         @profile
    23                                         def _generate_embeddings_batch(texts: list[str]) -> np.ndarray:
    24                                             """Step 2: Generate embeddings for a batch of queries"""
    25   1169.5 MiB    355.7 MiB           1       embeddings = model.encode(texts, normalize_embeddings=True, convert_to_numpy=True)
    26   1169.5 MiB      0.0 MiB           1       gc.collect()
    27   1169.5 MiB      0.0 MiB           1       return embeddings


[TIMING] _generate_embeddings_batch - END (took 1.47s)
Filename: /home/rb972/cs5416-final-project/exp3/01_embedding_service.py

Line #    Mem usage    Increment  Occurrences   Line Contents
=============================================================
    21    802.4 MiB    802.4 MiB           1   @profile_with_timing
    22                                         @profile
    23                                         def _generate_embeddings_batch(texts: list[str]) -> np.ndarray:
    24                                             """Step 2: Generate embeddings for a batch of queries"""
    25   1170.3 MiB    368.0 MiB           1       embeddings = model.encode(texts, normalize_embeddings=True, convert_to_numpy=True)
    26   1170.3 MiB      0.0 MiB           1       gc.collect()
    27   1170.3 MiB      0.0 MiB           1       return embeddings


[TIMING] _generate_embeddings_batch - END (took 1.81s)
Filename: /home/rb972/cs5416-final-project/exp3/01_embedding_service.py

Line #    Mem usage    Increment  Occurrences   Line Contents
=============================================================
    21    833.4 MiB    833.4 MiB           1   @profile_with_timing
    22                                         @profile
    23                                         def _generate_embeddings_batch(texts: list[str]) -> np.ndarray:
    24                                             """Step 2: Generate embeddings for a batch of queries"""
    25   1184.5 MiB    351.1 MiB           1       embeddings = model.encode(texts, normalize_embeddings=True, convert_to_numpy=True)
    26   1184.5 MiB      0.0 MiB           1       gc.collect()
    27   1184.5 MiB      0.0 MiB           1       return embeddings


[TIMING] _generate_embeddings_batch - END (took 2.03s)
