============================================================
EMBEDDING SERVICE
============================================================
Node: 0
Port: 8002
Model: BAAI/bge-base-en-v1.5
============================================================
 * Serving Flask app '01_embedding_service'
 * Debug mode: off

[TIMING] _generate_embeddings_batch - START
Filename: /home/yy2394/cs5416-final-project/exp3/01_embedding_service.py

Line #    Mem usage    Increment  Occurrences   Line Contents
=============================================================
    21    607.8 MiB    607.8 MiB           1   @profile_with_timing
    22                                         @profile
    23                                         def _generate_embeddings_batch(texts: list[str]) -> np.ndarray:
    24                                             """Step 2: Generate embeddings for a batch of queries"""
    25    943.1 MiB    335.3 MiB           1       embeddings = model.encode(texts, normalize_embeddings=True, convert_to_numpy=True)
    26    943.1 MiB      0.0 MiB           1       gc.collect()
    27    943.1 MiB      0.0 MiB           1       return embeddings


[TIMING] _generate_embeddings_batch - END (took 3.14s)

[TIMING] _generate_embeddings_batch - START
Filename: /home/yy2394/cs5416-final-project/exp3/01_embedding_service.py

Line #    Mem usage    Increment  Occurrences   Line Contents
=============================================================
    21    924.0 MiB    924.0 MiB           1   @profile_with_timing
    22                                         @profile
    23                                         def _generate_embeddings_batch(texts: list[str]) -> np.ndarray:
    24                                             """Step 2: Generate embeddings for a batch of queries"""
    25    928.2 MiB      4.2 MiB           1       embeddings = model.encode(texts, normalize_embeddings=True, convert_to_numpy=True)
    26    928.2 MiB      0.0 MiB           1       gc.collect()
    27    928.2 MiB      0.0 MiB           1       return embeddings


[TIMING] _generate_embeddings_batch - END (took 0.28s)

[TIMING] _generate_embeddings_batch - START
Filename: /home/yy2394/cs5416-final-project/exp3/01_embedding_service.py

Line #    Mem usage    Increment  Occurrences   Line Contents
=============================================================
    21    812.0 MiB    812.0 MiB           1   @profile_with_timing
    22                                         @profile
    23                                         def _generate_embeddings_batch(texts: list[str]) -> np.ndarray:
    24                                             """Step 2: Generate embeddings for a batch of queries"""
    25    812.5 MiB      0.5 MiB           1       embeddings = model.encode(texts, normalize_embeddings=True, convert_to_numpy=True)
    26    812.5 MiB      0.0 MiB           1       gc.collect()
    27    812.5 MiB      0.0 MiB           1       return embeddings


[TIMING] _generate_embeddings_batch - END (took 2.13s)

[TIMING] _generate_embeddings_batch - START
Filename: /home/yy2394/cs5416-final-project/exp3/01_embedding_service.py

Line #    Mem usage    Increment  Occurrences   Line Contents
=============================================================
    21    812.6 MiB    812.6 MiB           1   @profile_with_timing
    22                                         @profile
    23                                         def _generate_embeddings_batch(texts: list[str]) -> np.ndarray:
    24                                             """Step 2: Generate embeddings for a batch of queries"""
    25    812.6 MiB      0.0 MiB           1       embeddings = model.encode(texts, normalize_embeddings=True, convert_to_numpy=True)
    26    812.6 MiB      0.0 MiB           1       gc.collect()
    27    812.6 MiB      0.0 MiB           1       return embeddings


[TIMING] _generate_embeddings_batch - END (took 0.23s)
