============================================================
SENTIMENT & SAFETY SERVICE
============================================================
Node: 0
Port: 8005
Sentiment Model: nlptown/bert-base-multilingual-uncased-sentiment
Safety Model: unitary/toxic-bert
============================================================
 * Serving Flask app '05_sentiment_and_safety_service'
 * Debug mode: off

[TIMING] _analyze_sentiment_batch - START
Filename: /home/yy2394/cs5416-final-project/exp3/05_sentiment_and_safety_service.py

Line #    Mem usage    Increment  Occurrences   Line Contents
=============================================================
    26    535.9 MiB    535.9 MiB           1   @profile_with_timing
    27                                         @profile
    28                                         def _analyze_sentiment_batch(texts: list[str]) -> list[str]:
    29                                             """Step 7: Analyze sentiment for each generated response"""
    30    535.9 MiB      0.0 MiB           7       truncated_texts = [text[: CONFIG["truncate_length"]] for text in texts]
    31    865.1 MiB    329.2 MiB           1       raw_results = sentiment_classifier(truncated_texts)
    32    865.1 MiB      0.0 MiB           1       sentiment_map = {
    33    865.1 MiB      0.0 MiB           1           "1 star": "very negative",
    34    865.1 MiB      0.0 MiB           1           "2 stars": "negative",
    35    865.1 MiB      0.0 MiB           1           "3 stars": "neutral",
    36    865.1 MiB      0.0 MiB           1           "4 stars": "positive",
    37    865.1 MiB      0.0 MiB           1           "5 stars": "very positive",
    38                                             }
    39    865.1 MiB      0.0 MiB           1       sentiments = []
    40    865.1 MiB      0.0 MiB           5       for result in raw_results:
    41    865.1 MiB      0.0 MiB           4           sentiments.append(sentiment_map.get(result["label"], "neutral"))
    42    865.1 MiB      0.0 MiB           1       return sentiments


[TIMING] _analyze_sentiment_batch - END (took 11.66s)

[TIMING] _filter_response_safety_batch - START
Filename: /home/yy2394/cs5416-final-project/exp3/05_sentiment_and_safety_service.py

Line #    Mem usage    Increment  Occurrences   Line Contents
=============================================================
    45    865.1 MiB    865.1 MiB           1   @profile_with_timing
    46                                         @profile
    47                                         def _filter_response_safety_batch(texts: list[str]) -> list[bool]:
    48                                             """Step 8: Filter responses for safety for each entry in the batch"""
    49    865.1 MiB      0.0 MiB           7       truncated_texts = [text[: CONFIG["truncate_length"]] for text in texts]
    50   1183.5 MiB    318.4 MiB           1       raw_results = safety_classifier(truncated_texts)
    51   1183.5 MiB      0.0 MiB           1       toxicity_flags = []
    52   1183.5 MiB      0.0 MiB           5       for result in raw_results:
    53   1183.5 MiB      0.0 MiB           4           toxicity_flags.append(result["score"] > 0.5)
    54   1183.5 MiB      0.0 MiB           1       return toxicity_flags


[TIMING] _filter_response_safety_batch - END (took 9.20s)

[TIMING] _analyze_sentiment_batch - START
Filename: /home/yy2394/cs5416-final-project/exp3/05_sentiment_and_safety_service.py

Line #    Mem usage    Increment  Occurrences   Line Contents
=============================================================
    26   1061.7 MiB   1061.7 MiB           1   @profile_with_timing
    27                                         @profile
    28                                         def _analyze_sentiment_batch(texts: list[str]) -> list[str]:
    29                                             """Step 7: Analyze sentiment for each generated response"""
    30   1061.7 MiB      0.0 MiB           7       truncated_texts = [text[: CONFIG["truncate_length"]] for text in texts]
    31   1067.5 MiB      5.9 MiB           1       raw_results = sentiment_classifier(truncated_texts)
    32   1067.5 MiB      0.0 MiB           1       sentiment_map = {
    33   1067.5 MiB      0.0 MiB           1           "1 star": "very negative",
    34   1067.5 MiB      0.0 MiB           1           "2 stars": "negative",
    35   1067.5 MiB      0.0 MiB           1           "3 stars": "neutral",
    36   1067.5 MiB      0.0 MiB           1           "4 stars": "positive",
    37   1067.5 MiB      0.0 MiB           1           "5 stars": "very positive",
    38                                             }
    39   1067.5 MiB      0.0 MiB           1       sentiments = []
    40   1067.5 MiB      0.0 MiB           5       for result in raw_results:
    41   1067.5 MiB      0.0 MiB           4           sentiments.append(sentiment_map.get(result["label"], "neutral"))
    42   1067.5 MiB      0.0 MiB           1       return sentiments


[TIMING] _analyze_sentiment_batch - END (took 0.61s)

[TIMING] _filter_response_safety_batch - START
Filename: /home/yy2394/cs5416-final-project/exp3/05_sentiment_and_safety_service.py

Line #    Mem usage    Increment  Occurrences   Line Contents
=============================================================
    45   1067.5 MiB   1067.5 MiB           1   @profile_with_timing
    46                                         @profile
    47                                         def _filter_response_safety_batch(texts: list[str]) -> list[bool]:
    48                                             """Step 8: Filter responses for safety for each entry in the batch"""
    49   1067.5 MiB      0.0 MiB           7       truncated_texts = [text[: CONFIG["truncate_length"]] for text in texts]
    50   1068.1 MiB      0.5 MiB           1       raw_results = safety_classifier(truncated_texts)
    51   1068.1 MiB      0.0 MiB           1       toxicity_flags = []
    52   1068.1 MiB      0.0 MiB           5       for result in raw_results:
    53   1068.1 MiB      0.0 MiB           4           toxicity_flags.append(result["score"] > 0.5)
    54   1068.1 MiB      0.0 MiB           1       return toxicity_flags


[TIMING] _filter_response_safety_batch - END (took 0.46s)

[TIMING] _analyze_sentiment_batch - START
Filename: /home/yy2394/cs5416-final-project/exp3/05_sentiment_and_safety_service.py

Line #    Mem usage    Increment  Occurrences   Line Contents
=============================================================
    26   1070.2 MiB   1070.2 MiB           1   @profile_with_timing
    27                                         @profile
    28                                         def _analyze_sentiment_batch(texts: list[str]) -> list[str]:
    29                                             """Step 7: Analyze sentiment for each generated response"""
    30   1070.2 MiB      0.0 MiB           7       truncated_texts = [text[: CONFIG["truncate_length"]] for text in texts]
    31   1072.7 MiB      2.5 MiB           1       raw_results = sentiment_classifier(truncated_texts)
    32   1072.7 MiB      0.0 MiB           1       sentiment_map = {
    33   1072.7 MiB      0.0 MiB           1           "1 star": "very negative",
    34   1072.7 MiB      0.0 MiB           1           "2 stars": "negative",
    35   1072.7 MiB      0.0 MiB           1           "3 stars": "neutral",
    36   1072.7 MiB      0.0 MiB           1           "4 stars": "positive",
    37   1072.7 MiB      0.0 MiB           1           "5 stars": "very positive",
    38                                             }
    39   1072.7 MiB      0.0 MiB           1       sentiments = []
    40   1072.7 MiB      0.0 MiB           5       for result in raw_results:
    41   1072.7 MiB      0.0 MiB           4           sentiments.append(sentiment_map.get(result["label"], "neutral"))
    42   1072.7 MiB      0.0 MiB           1       return sentiments


[TIMING] _analyze_sentiment_batch - END (took 0.74s)

[TIMING] _filter_response_safety_batch - START
Filename: /home/yy2394/cs5416-final-project/exp3/05_sentiment_and_safety_service.py

Line #    Mem usage    Increment  Occurrences   Line Contents
=============================================================
    45   1072.7 MiB   1072.7 MiB           1   @profile_with_timing
    46                                         @profile
    47                                         def _filter_response_safety_batch(texts: list[str]) -> list[bool]:
    48                                             """Step 8: Filter responses for safety for each entry in the batch"""
    49   1072.7 MiB      0.0 MiB           7       truncated_texts = [text[: CONFIG["truncate_length"]] for text in texts]
    50   1073.5 MiB      0.8 MiB           1       raw_results = safety_classifier(truncated_texts)
    51   1073.5 MiB      0.0 MiB           1       toxicity_flags = []
    52   1073.5 MiB      0.0 MiB           5       for result in raw_results:
    53   1073.5 MiB      0.0 MiB           4           toxicity_flags.append(result["score"] > 0.5)
    54   1073.5 MiB      0.0 MiB           1       return toxicity_flags


[TIMING] _filter_response_safety_batch - END (took 0.52s)

[TIMING] _analyze_sentiment_batch - START
Filename: /home/yy2394/cs5416-final-project/exp3/05_sentiment_and_safety_service.py

Line #    Mem usage    Increment  Occurrences   Line Contents
=============================================================
    26   1078.9 MiB   1078.9 MiB           1   @profile_with_timing
    27                                         @profile
    28                                         def _analyze_sentiment_batch(texts: list[str]) -> list[str]:
    29                                             """Step 7: Analyze sentiment for each generated response"""
    30   1078.9 MiB      0.0 MiB           5       truncated_texts = [text[: CONFIG["truncate_length"]] for text in texts]
    31   1078.9 MiB      0.0 MiB           1       raw_results = sentiment_classifier(truncated_texts)
    32   1078.9 MiB      0.0 MiB           1       sentiment_map = {
    33   1078.9 MiB      0.0 MiB           1           "1 star": "very negative",
    34   1078.9 MiB      0.0 MiB           1           "2 stars": "negative",
    35   1078.9 MiB      0.0 MiB           1           "3 stars": "neutral",
    36   1078.9 MiB      0.0 MiB           1           "4 stars": "positive",
    37   1078.9 MiB      0.0 MiB           1           "5 stars": "very positive",
    38                                             }
    39   1078.9 MiB      0.0 MiB           1       sentiments = []
    40   1078.9 MiB      0.0 MiB           3       for result in raw_results:
    41   1078.9 MiB      0.0 MiB           2           sentiments.append(sentiment_map.get(result["label"], "neutral"))
    42   1078.9 MiB      0.0 MiB           1       return sentiments


[TIMING] _analyze_sentiment_batch - END (took 0.33s)

[TIMING] _filter_response_safety_batch - START
Filename: /home/yy2394/cs5416-final-project/exp3/05_sentiment_and_safety_service.py

Line #    Mem usage    Increment  Occurrences   Line Contents
=============================================================
    45   1078.9 MiB   1078.9 MiB           1   @profile_with_timing
    46                                         @profile
    47                                         def _filter_response_safety_batch(texts: list[str]) -> list[bool]:
    48                                             """Step 8: Filter responses for safety for each entry in the batch"""
    49   1078.9 MiB      0.0 MiB           5       truncated_texts = [text[: CONFIG["truncate_length"]] for text in texts]
    50   1078.9 MiB      0.0 MiB           1       raw_results = safety_classifier(truncated_texts)
    51   1078.9 MiB      0.0 MiB           1       toxicity_flags = []
    52   1078.9 MiB      0.0 MiB           3       for result in raw_results:
    53   1078.9 MiB      0.0 MiB           2           toxicity_flags.append(result["score"] > 0.5)
    54   1078.9 MiB      0.0 MiB           1       return toxicity_flags


[TIMING] _filter_response_safety_batch - END (took 0.27s)
