============================================================
DOCUMENTS SERVICE (Fetch + Rerank)
============================================================
Node: 0
Port: 8004
DB: ../documents//documents.db
Reranker: BAAI/bge-reranker-base
============================================================
 * Serving Flask app '03_documents_service'
 * Debug mode: off

[TIMING] _fetch_documents_batch - START
Filename: /home/yy2394/cs5416-final-project/exp3/03_documents_service.py

Line #    Mem usage    Increment  Occurrences   Line Contents
=============================================================
    32    803.8 MiB    803.8 MiB           1   @profile_with_timing
    33                                         @profile
    34                                         def _fetch_documents_batch(doc_id_batches: list[list[int]]) -> list[list[dict]]:
    35                                             """Step 4: Fetch documents for each query in the batch using SQLite"""
    36    804.0 MiB      0.2 MiB           1       conn = sqlite3.connect(db_path)
    37    804.0 MiB      0.0 MiB           1       cursor = conn.cursor()
    38    804.0 MiB      0.0 MiB           1       documents_batch = []
    39    804.0 MiB      0.0 MiB           5       for doc_ids in doc_id_batches:
    40    804.0 MiB      0.0 MiB           4           documents = []
    41    804.0 MiB      0.0 MiB          44           for doc_id in doc_ids:
    42    804.0 MiB      0.0 MiB          80               cursor.execute(
    43    804.0 MiB      0.0 MiB          40                   "SELECT doc_id, title, content, category FROM documents WHERE doc_id = ?",
    44    804.0 MiB      0.0 MiB          40                   (doc_id,),
    45                                                     )
    46    804.0 MiB      0.0 MiB          40               result = cursor.fetchone()
    47    804.0 MiB      0.0 MiB          40               if result:
    48    804.0 MiB      0.0 MiB          80                   documents.append(
    49    804.0 MiB      0.0 MiB          40                       {
    50    804.0 MiB      0.0 MiB          40                           "doc_id": result[0],
    51    804.0 MiB      0.0 MiB          40                           "title": result[1],
    52    804.0 MiB      0.0 MiB          40                           "content": result[2],
    53    804.0 MiB      0.0 MiB          40                           "category": result[3],
    54                                                             }
    55                                                         )
    56    804.0 MiB      0.0 MiB           4           documents_batch.append(documents)
    57    804.0 MiB      0.0 MiB           1       conn.close()
    58    804.0 MiB      0.0 MiB           1       return documents_batch


[TIMING] _fetch_documents_batch - END (took 0.26s)

[TIMING] _rerank_documents_batch - START
Filename: /home/yy2394/cs5416-final-project/exp3/03_documents_service.py

Line #    Mem usage    Increment  Occurrences   Line Contents
=============================================================
    61    804.0 MiB    804.0 MiB           1   @profile_with_timing
    62                                         @profile
    63                                         def _rerank_documents_batch(
    64                                             queries: list[str], documents_batch: list[list[dict]]
    65                                         ) -> list[list[dict]]:
    66                                             """Step 5: Rerank retrieved documents for each query in the batch"""
    67    804.0 MiB      0.0 MiB           1       reranked_batches = []
    68   1177.4 MiB      0.0 MiB           5       for query, documents in zip(queries, documents_batch):
    69   1177.4 MiB      0.0 MiB           4           if not documents:
    70                                                     reranked_batches.append([])
    71                                                     continue
    72   1177.4 MiB      0.0 MiB          52           pairs = [[query, doc["content"]] for doc in documents]
    73   1177.4 MiB      0.0 MiB           8           with torch.no_grad():
    74   1177.4 MiB      1.5 MiB          12               inputs = tokenizer(
    75   1177.4 MiB      0.0 MiB           4                   pairs,
    76   1177.4 MiB      0.0 MiB           4                   padding=True,
    77   1177.4 MiB      0.0 MiB           4                   truncation=True,
    78   1177.4 MiB      0.0 MiB           4                   return_tensors="pt",
    79   1177.4 MiB      0.0 MiB           4                   max_length=CONFIG["truncate_length"],
    80   1177.4 MiB      0.0 MiB           4               ).to(DEVICE)
    81   1177.4 MiB      0.0 MiB           4               scores = (
    82   1177.4 MiB    371.9 MiB           4                   model(**inputs, return_dict=True)
    83   1177.4 MiB      0.0 MiB           8                   .logits.view(
    84   1177.4 MiB      0.0 MiB           4                       -1,
    85                                                         )
    86   1177.4 MiB      0.0 MiB           4                   .float()
    87                                                     )
    88   1177.4 MiB      0.0 MiB           4           doc_scores = list(zip(documents, scores))
    89   1177.4 MiB      0.0 MiB          84           doc_scores.sort(key=lambda x: x[1], reverse=True)
    90   1177.4 MiB      0.0 MiB          52           reranked_batches.append([doc for doc, _ in doc_scores])
    91   1177.4 MiB      0.0 MiB           1       return reranked_batches


[TIMING] _rerank_documents_batch - END (took 5.12s)

[TIMING] _fetch_documents_batch - START
Filename: /home/yy2394/cs5416-final-project/exp3/03_documents_service.py

Line #    Mem usage    Increment  Occurrences   Line Contents
=============================================================
    32   1017.1 MiB   1017.1 MiB           1   @profile_with_timing
    33                                         @profile
    34                                         def _fetch_documents_batch(doc_id_batches: list[list[int]]) -> list[list[dict]]:
    35                                             """Step 4: Fetch documents for each query in the batch using SQLite"""
    36   1017.1 MiB      0.0 MiB           1       conn = sqlite3.connect(db_path)
    37   1017.1 MiB      0.0 MiB           1       cursor = conn.cursor()
    38   1017.1 MiB      0.0 MiB           1       documents_batch = []
    39   1017.1 MiB      0.0 MiB           5       for doc_ids in doc_id_batches:
    40   1017.1 MiB      0.0 MiB           4           documents = []
    41   1017.1 MiB      0.0 MiB          44           for doc_id in doc_ids:
    42   1017.1 MiB      0.0 MiB          80               cursor.execute(
    43   1017.1 MiB      0.0 MiB          40                   "SELECT doc_id, title, content, category FROM documents WHERE doc_id = ?",
    44   1017.1 MiB      0.0 MiB          40                   (doc_id,),
    45                                                     )
    46   1017.1 MiB      0.0 MiB          40               result = cursor.fetchone()
    47   1017.1 MiB      0.0 MiB          40               if result:
    48   1017.1 MiB      0.0 MiB          80                   documents.append(
    49   1017.1 MiB      0.0 MiB          40                       {
    50   1017.1 MiB      0.0 MiB          40                           "doc_id": result[0],
    51   1017.1 MiB      0.0 MiB          40                           "title": result[1],
    52   1017.1 MiB      0.0 MiB          40                           "content": result[2],
    53   1017.1 MiB      0.0 MiB          40                           "category": result[3],
    54                                                             }
    55                                                         )
    56   1017.1 MiB      0.0 MiB           4           documents_batch.append(documents)
    57   1017.1 MiB      0.0 MiB           1       conn.close()
    58   1017.1 MiB      0.0 MiB           1       return documents_batch


[TIMING] _fetch_documents_batch - END (took 0.16s)

[TIMING] _rerank_documents_batch - START
Filename: /home/yy2394/cs5416-final-project/exp3/03_documents_service.py

Line #    Mem usage    Increment  Occurrences   Line Contents
=============================================================
    61   1017.1 MiB   1017.1 MiB           1   @profile_with_timing
    62                                         @profile
    63                                         def _rerank_documents_batch(
    64                                             queries: list[str], documents_batch: list[list[dict]]
    65                                         ) -> list[list[dict]]:
    66                                             """Step 5: Rerank retrieved documents for each query in the batch"""
    67   1017.1 MiB      0.0 MiB           1       reranked_batches = []
    68   1049.2 MiB      0.0 MiB           5       for query, documents in zip(queries, documents_batch):
    69   1049.2 MiB      0.0 MiB           4           if not documents:
    70                                                     reranked_batches.append([])
    71                                                     continue
    72   1049.2 MiB      0.0 MiB          52           pairs = [[query, doc["content"]] for doc in documents]
    73   1049.2 MiB      0.0 MiB           8           with torch.no_grad():
    74   1049.2 MiB      0.0 MiB          12               inputs = tokenizer(
    75   1049.2 MiB      0.0 MiB           4                   pairs,
    76   1049.2 MiB      0.0 MiB           4                   padding=True,
    77   1049.2 MiB      0.0 MiB           4                   truncation=True,
    78   1049.2 MiB      0.0 MiB           4                   return_tensors="pt",
    79   1049.2 MiB      0.0 MiB           4                   max_length=CONFIG["truncate_length"],
    80   1049.2 MiB      0.0 MiB           4               ).to(DEVICE)
    81   1049.2 MiB      0.0 MiB           4               scores = (
    82   1049.2 MiB     32.0 MiB           4                   model(**inputs, return_dict=True)
    83   1049.2 MiB      0.0 MiB           8                   .logits.view(
    84   1049.2 MiB      0.0 MiB           4                       -1,
    85                                                         )
    86   1049.2 MiB      0.0 MiB           4                   .float()
    87                                                     )
    88   1049.2 MiB      0.0 MiB           4           doc_scores = list(zip(documents, scores))
    89   1049.2 MiB      0.0 MiB          84           doc_scores.sort(key=lambda x: x[1], reverse=True)
    90   1049.2 MiB      0.0 MiB          52           reranked_batches.append([doc for doc, _ in doc_scores])
    91   1049.2 MiB      0.0 MiB           1       return reranked_batches


[TIMING] _rerank_documents_batch - END (took 1.95s)

[TIMING] _fetch_documents_batch - START
Filename: /home/yy2394/cs5416-final-project/exp3/03_documents_service.py

Line #    Mem usage    Increment  Occurrences   Line Contents
=============================================================
    32   1049.7 MiB   1049.7 MiB           1   @profile_with_timing
    33                                         @profile
    34                                         def _fetch_documents_batch(doc_id_batches: list[list[int]]) -> list[list[dict]]:
    35                                             """Step 4: Fetch documents for each query in the batch using SQLite"""
    36   1049.7 MiB      0.0 MiB           1       conn = sqlite3.connect(db_path)
    37   1049.7 MiB      0.0 MiB           1       cursor = conn.cursor()
    38   1049.7 MiB      0.0 MiB           1       documents_batch = []
    39   1049.7 MiB      0.0 MiB           5       for doc_ids in doc_id_batches:
    40   1049.7 MiB      0.0 MiB           4           documents = []
    41   1049.7 MiB      0.0 MiB          44           for doc_id in doc_ids:
    42   1049.7 MiB      0.0 MiB          80               cursor.execute(
    43   1049.7 MiB      0.0 MiB          40                   "SELECT doc_id, title, content, category FROM documents WHERE doc_id = ?",
    44   1049.7 MiB      0.0 MiB          40                   (doc_id,),
    45                                                     )
    46   1049.7 MiB      0.0 MiB          40               result = cursor.fetchone()
    47   1049.7 MiB      0.0 MiB          40               if result:
    48   1049.7 MiB      0.0 MiB          80                   documents.append(
    49   1049.7 MiB      0.0 MiB          40                       {
    50   1049.7 MiB      0.0 MiB          40                           "doc_id": result[0],
    51   1049.7 MiB      0.0 MiB          40                           "title": result[1],
    52   1049.7 MiB      0.0 MiB          40                           "content": result[2],
    53   1049.7 MiB      0.0 MiB          40                           "category": result[3],
    54                                                             }
    55                                                         )
    56   1049.7 MiB      0.0 MiB           4           documents_batch.append(documents)
    57   1049.7 MiB      0.0 MiB           1       conn.close()
    58   1049.7 MiB      0.0 MiB           1       return documents_batch


[TIMING] _fetch_documents_batch - END (took 0.15s)

[TIMING] _rerank_documents_batch - START
Filename: /home/yy2394/cs5416-final-project/exp3/03_documents_service.py

Line #    Mem usage    Increment  Occurrences   Line Contents
=============================================================
    61   1049.7 MiB   1049.7 MiB           1   @profile_with_timing
    62                                         @profile
    63                                         def _rerank_documents_batch(
    64                                             queries: list[str], documents_batch: list[list[dict]]
    65                                         ) -> list[list[dict]]:
    66                                             """Step 5: Rerank retrieved documents for each query in the batch"""
    67   1049.7 MiB      0.0 MiB           1       reranked_batches = []
    68   1049.7 MiB      0.0 MiB           5       for query, documents in zip(queries, documents_batch):
    69   1049.7 MiB      0.0 MiB           4           if not documents:
    70                                                     reranked_batches.append([])
    71                                                     continue
    72   1049.7 MiB      0.0 MiB          52           pairs = [[query, doc["content"]] for doc in documents]
    73   1049.7 MiB      0.0 MiB           8           with torch.no_grad():
    74   1049.7 MiB      0.0 MiB          12               inputs = tokenizer(
    75   1049.7 MiB      0.0 MiB           4                   pairs,
    76   1049.7 MiB      0.0 MiB           4                   padding=True,
    77   1049.7 MiB      0.0 MiB           4                   truncation=True,
    78   1049.7 MiB      0.0 MiB           4                   return_tensors="pt",
    79   1049.7 MiB      0.0 MiB           4                   max_length=CONFIG["truncate_length"],
    80   1049.7 MiB      0.0 MiB           4               ).to(DEVICE)
    81   1049.7 MiB      0.0 MiB           4               scores = (
    82   1049.7 MiB      0.0 MiB           4                   model(**inputs, return_dict=True)
    83   1049.7 MiB      0.0 MiB           8                   .logits.view(
    84   1049.7 MiB      0.0 MiB           4                       -1,
    85                                                         )
    86   1049.7 MiB      0.0 MiB           4                   .float()
    87                                                     )
    88   1049.7 MiB      0.0 MiB           4           doc_scores = list(zip(documents, scores))
    89   1049.7 MiB      0.0 MiB          84           doc_scores.sort(key=lambda x: x[1], reverse=True)
    90   1049.7 MiB      0.0 MiB          52           reranked_batches.append([doc for doc, _ in doc_scores])
    91   1049.7 MiB      0.0 MiB           1       return reranked_batches


[TIMING] _rerank_documents_batch - END (took 9.93s)

[TIMING] _fetch_documents_batch - START
Filename: /home/yy2394/cs5416-final-project/exp3/03_documents_service.py

Line #    Mem usage    Increment  Occurrences   Line Contents
=============================================================
    32   1050.1 MiB   1050.1 MiB           1   @profile_with_timing
    33                                         @profile
    34                                         def _fetch_documents_batch(doc_id_batches: list[list[int]]) -> list[list[dict]]:
    35                                             """Step 4: Fetch documents for each query in the batch using SQLite"""
    36   1050.1 MiB      0.0 MiB           1       conn = sqlite3.connect(db_path)
    37   1050.1 MiB      0.0 MiB           1       cursor = conn.cursor()
    38   1050.1 MiB      0.0 MiB           1       documents_batch = []
    39   1050.1 MiB      0.0 MiB           3       for doc_ids in doc_id_batches:
    40   1050.1 MiB      0.0 MiB           2           documents = []
    41   1050.1 MiB      0.0 MiB          22           for doc_id in doc_ids:
    42   1050.1 MiB      0.0 MiB          40               cursor.execute(
    43   1050.1 MiB      0.0 MiB          20                   "SELECT doc_id, title, content, category FROM documents WHERE doc_id = ?",
    44   1050.1 MiB      0.0 MiB          20                   (doc_id,),
    45                                                     )
    46   1050.1 MiB      0.0 MiB          20               result = cursor.fetchone()
    47   1050.1 MiB      0.0 MiB          20               if result:
    48   1050.1 MiB      0.0 MiB          40                   documents.append(
    49   1050.1 MiB      0.0 MiB          20                       {
    50   1050.1 MiB      0.0 MiB          20                           "doc_id": result[0],
    51   1050.1 MiB      0.0 MiB          20                           "title": result[1],
    52   1050.1 MiB      0.0 MiB          20                           "content": result[2],
    53   1050.1 MiB      0.0 MiB          20                           "category": result[3],
    54                                                             }
    55                                                         )
    56   1050.1 MiB      0.0 MiB           2           documents_batch.append(documents)
    57   1050.1 MiB      0.0 MiB           1       conn.close()
    58   1050.1 MiB      0.0 MiB           1       return documents_batch


[TIMING] _fetch_documents_batch - END (took 0.09s)

[TIMING] _rerank_documents_batch - START
Filename: /home/yy2394/cs5416-final-project/exp3/03_documents_service.py

Line #    Mem usage    Increment  Occurrences   Line Contents
=============================================================
    61   1050.1 MiB   1050.1 MiB           1   @profile_with_timing
    62                                         @profile
    63                                         def _rerank_documents_batch(
    64                                             queries: list[str], documents_batch: list[list[dict]]
    65                                         ) -> list[list[dict]]:
    66                                             """Step 5: Rerank retrieved documents for each query in the batch"""
    67   1050.1 MiB      0.0 MiB           1       reranked_batches = []
    68   1050.6 MiB      0.0 MiB           3       for query, documents in zip(queries, documents_batch):
    69   1050.6 MiB      0.0 MiB           2           if not documents:
    70                                                     reranked_batches.append([])
    71                                                     continue
    72   1050.6 MiB      0.0 MiB          26           pairs = [[query, doc["content"]] for doc in documents]
    73   1050.6 MiB      0.0 MiB           4           with torch.no_grad():
    74   1050.6 MiB      0.0 MiB           6               inputs = tokenizer(
    75   1050.6 MiB      0.0 MiB           2                   pairs,
    76   1050.6 MiB      0.0 MiB           2                   padding=True,
    77   1050.6 MiB      0.0 MiB           2                   truncation=True,
    78   1050.6 MiB      0.0 MiB           2                   return_tensors="pt",
    79   1050.6 MiB      0.0 MiB           2                   max_length=CONFIG["truncate_length"],
    80   1050.6 MiB      0.0 MiB           2               ).to(DEVICE)
    81   1050.6 MiB      0.0 MiB           2               scores = (
    82   1050.6 MiB      0.5 MiB           2                   model(**inputs, return_dict=True)
    83   1050.6 MiB      0.0 MiB           4                   .logits.view(
    84   1050.6 MiB      0.0 MiB           2                       -1,
    85                                                         )
    86   1050.6 MiB      0.0 MiB           2                   .float()
    87                                                     )
    88   1050.6 MiB      0.0 MiB           2           doc_scores = list(zip(documents, scores))
    89   1050.6 MiB      0.0 MiB          42           doc_scores.sort(key=lambda x: x[1], reverse=True)
    90   1050.6 MiB      0.0 MiB          26           reranked_batches.append([doc for doc, _ in doc_scores])
    91   1050.6 MiB      0.0 MiB           1       return reranked_batches


[TIMING] _rerank_documents_batch - END (took 0.99s)
